2025-09-10 19:13:32,722 - WARNING - Requests made without an app_token will be subject to strict throttling limits.
2025-09-10 19:13:32,723 - INFO - Searching for crime datasets with geographical coordinates
2025-09-10 19:23:29,506 - WARNING - Requests made without an app_token will be subject to strict throttling limits.
2025-09-10 19:23:29,506 - INFO - Searching for crime datasets with geographical coordinates
2025-09-10 19:23:29,506 - INFO - Searching for crime datasets in data.cityofchicago.org
2025-09-10 19:23:29,506 - WARNING - Requests made without an app_token will be subject to strict throttling limits.
2025-09-10 19:23:32,736 - INFO - Found dataset with coordinates: Crimes - 2001 to Present
2025-09-10 19:23:32,979 - INFO - Found dataset with coordinates: Traffic Crashes - Crashes
2025-09-10 19:23:33,166 - INFO - Found dataset with coordinates: Police Stations
2025-09-10 19:23:34,601 - INFO - Found dataset with coordinates: Towed Vehicles
2025-09-10 19:23:34,976 - INFO - Found dataset with coordinates: Crimes - One year prior to present
2025-09-10 19:23:37,856 - INFO - Found dataset with coordinates: Traffic Crashes - Vehicles
2025-09-10 19:23:38,368 - INFO - Found dataset with coordinates: Violence Reduction - Victims of Homicides and Non-Fatal Shootings
2025-09-10 19:23:40,108 - INFO - Found dataset with coordinates: Crimes - 2015
2025-09-10 19:23:40,723 - INFO - Found dataset with coordinates: Violence Reduction - Shotspotter Alerts - Historical
2025-09-10 19:23:41,337 - INFO - Found dataset with coordinates: Strategic Subject List - Historical
2025-09-10 19:23:41,644 - INFO - Found dataset with coordinates: Crimes - 2020
2025-09-10 19:23:41,952 - INFO - Found dataset with coordinates: Crimes - 2022
2025-09-10 19:23:43,692 - INFO - Found dataset with coordinates: Crimes - 2018
2025-09-10 19:23:44,171 - INFO - Found dataset with coordinates: Crimes - 2014
2025-09-10 19:23:46,816 - INFO - Found dataset with coordinates: Crimes - 2024
2025-09-10 19:23:47,627 - INFO - Found dataset with coordinates: Crimes - 2017
2025-09-10 19:23:47,993 - INFO - Found dataset with coordinates: Crimes - 2019
2025-09-10 19:23:48,505 - INFO - Found dataset with coordinates: Crimes - 2013
2025-09-10 19:23:48,788 - INFO - Searching for crime datasets in data.sfgov.org
2025-09-10 19:23:48,789 - WARNING - Requests made without an app_token will be subject to strict throttling limits.
2025-09-10 19:23:49,173 - INFO - Searching for crime datasets in data.seattle.gov
2025-09-10 19:23:49,173 - WARNING - Requests made without an app_token will be subject to strict throttling limits.
2025-09-10 19:23:53,113 - INFO - Searching for crime datasets in data.lacity.org
2025-09-10 19:23:53,114 - WARNING - Requests made without an app_token will be subject to strict throttling limits.
2025-09-10 19:23:53,896 - INFO - Found dataset with coordinates: Crime Data from 2020 to Present
2025-09-10 19:23:54,311 - INFO - Found dataset with coordinates: Crime Data from 2010 to 2019
2025-09-10 19:23:54,714 - INFO - Found dataset with coordinates: Arrest Data from 2010 to 2019
2025-09-10 19:23:55,161 - INFO - Found dataset with coordinates: Traffic Collision Data from 2010 to Present
2025-09-10 19:23:57,286 - INFO - Found dataset with coordinates: Prostitution along N Western Ave
2025-09-10 19:23:57,721 - INFO - Found dataset with coordinates: Arrest Data from 2020 to Present
2025-09-10 19:23:58,746 - INFO - Found dataset with coordinates: LAHD Affordable Housing Projects List (2003 to Present)
2025-09-10 19:24:02,019 - INFO - Found dataset with coordinates: Domestic Violence Calls from 2020 to Present
2025-09-10 19:24:03,046 - INFO - Found dataset with coordinates: Marijuana Data
2025-09-10 19:24:03,047 - INFO - Searching for crime datasets in data.cityofnewyork.us
2025-09-10 19:24:03,047 - WARNING - Requests made without an app_token will be subject to strict throttling limits.
2025-09-10 19:24:03,808 - INFO - Found dataset with coordinates: Citywide Payroll Data (Fiscal Year)
2025-09-10 19:24:04,541 - INFO - Found dataset with coordinates: NYPD Arrest Data (Year to Date)
2025-09-10 19:24:19,328 - INFO - Found dataset with coordinates: NYPD Arrests Data (Historic)
2025-09-10 19:24:19,722 - INFO - Found dataset with coordinates: NYPD Complaint Data Current (Year To Date)
2025-09-10 19:24:20,069 - INFO - Found dataset with coordinates: NYPD Shooting Incident Data (Historic)
2025-09-10 19:24:20,453 - INFO - Found dataset with coordinates: NYPD Shooting Incident Data (Year To Date)
2025-09-10 19:24:20,719 - INFO - Found dataset with coordinates: Emergency Response Incidents
2025-09-10 19:24:21,581 - INFO - Found dataset with coordinates: Fire Incident Dispatch Data
2025-09-10 19:24:29,644 - INFO - Found dataset with coordinates: 911 End-to-End Data
2025-09-10 19:24:29,644 - INFO - Searching for crime datasets in data.baltimorecity.gov
2025-09-10 19:24:29,645 - WARNING - Requests made without an app_token will be subject to strict throttling limits.
2025-09-10 19:24:29,879 - WARNING - Error accessing data.baltimorecity.gov: 404 Client Error: Not Found
2025-09-10 19:24:29,879 - INFO - Searching for crime datasets in data.austintexas.gov
2025-09-10 19:24:29,879 - WARNING - Requests made without an app_token will be subject to strict throttling limits.
2025-09-10 19:24:30,153 - INFO - Searching for crime datasets in data.cityofboston.gov
2025-09-10 19:24:30,154 - WARNING - Requests made without an app_token will be subject to strict throttling limits.
2025-09-10 19:24:31,312 - WARNING - Error accessing data.cityofboston.gov: 404 Client Error: Not Found
2025-09-10 19:24:31,315 - INFO - Searching for crime datasets in data.nola.gov
2025-09-10 19:24:31,315 - WARNING - Requests made without an app_token will be subject to strict throttling limits.
2025-09-10 19:24:32,584 - INFO - Found dataset with coordinates: Calls for Service 2013
2025-09-10 19:24:33,024 - INFO - Found dataset with coordinates: Calls for Service 2014
2025-09-10 19:24:33,357 - INFO - Found dataset with coordinates: Calls for Service 2017
2025-09-10 19:24:33,658 - INFO - Found dataset with coordinates: Electronic Police Report 2018
2025-09-10 19:24:34,136 - INFO - Found dataset with coordinates: Calls for Service 2016
2025-09-10 19:24:34,483 - INFO - Found dataset with coordinates: Calls for Service 2022
2025-09-10 19:24:35,304 - INFO - Found dataset with coordinates: Calls for Service 2015
2025-09-10 19:24:35,609 - INFO - Found dataset with coordinates: NOPD Misconduct Complaints
2025-09-10 19:24:35,917 - INFO - Found dataset with coordinates: Electronic Police Report 2019
2025-09-10 19:24:36,328 - INFO - Found dataset with coordinates: Electronic Police Report 2017
2025-09-10 19:24:36,736 - INFO - Found dataset with coordinates: Calls for Service 2019
2025-09-10 19:24:37,036 - INFO - Found dataset with coordinates: Calls for Service 2024
2025-09-10 19:24:37,352 - INFO - Found dataset with coordinates: Calls for Service 2023
2025-09-10 19:24:37,657 - INFO - Found dataset with coordinates: Electronic Police Report 2016
2025-09-10 19:24:37,964 - INFO - Found dataset with coordinates: Calls for Service 2021
2025-09-10 19:24:39,603 - INFO - Found dataset with coordinates: NOPD Body Worn Camera Metadata
2025-09-10 19:24:39,910 - INFO - Found dataset with coordinates: Calls for Service 2012
2025-09-10 19:24:40,320 - INFO - Found dataset with coordinates: Call for Service 2020
2025-09-10 19:24:40,627 - INFO - Found dataset with coordinates: Calls for Service 2011
2025-09-10 19:24:41,139 - INFO - Found dataset with coordinates: Electronic Police Report 2022
2025-09-10 19:24:41,549 - INFO - Found dataset with coordinates: Stop and Search (Field Interviews)
2025-09-10 19:24:41,959 - INFO - Found dataset with coordinates: Electronic Police Report 2024
2025-09-10 19:24:42,472 - INFO - Found dataset with coordinates: Electronic Police Report 2023
2025-09-10 19:24:42,773 - INFO - Found dataset with coordinates: Calls for Service 2025
2025-09-10 19:24:43,189 - INFO - Found dataset with coordinates: Electronic Police Report 2025
2025-09-10 19:24:43,546 - INFO - Found dataset with coordinates: Electronic Police Report 2021
2025-09-10 19:24:44,521 - INFO - Found dataset with coordinates: Electronic Police Report 2015
2025-09-10 19:24:44,825 - INFO - Found dataset with coordinates: Electronic Police Report 2020
2025-09-10 19:24:45,544 - INFO - Found dataset with coordinates: Electronic Police Report 2014
2025-09-10 19:24:45,812 - INFO - Found dataset with coordinates: Electronic Police Report 2010
2025-09-10 19:24:46,157 - INFO - Found dataset with coordinates: Electronic Police Report 2013
2025-09-10 19:24:46,568 - INFO - Found dataset with coordinates: Electronic Police Report 2012
2025-09-10 19:24:46,873 - INFO - Found dataset with coordinates: Electronic Police Report 2011
2025-09-10 19:24:48,344 - INFO - Found 69 potential crime datasets with coordinates
2025-09-10 19:24:48,349 - INFO - Found 69 potential datasets
2025-09-10 19:24:48,352 - INFO - Dataset metadata saved to crime_data/dataset_metadata.json
2025-09-10 19:24:48,369 - INFO - Downloading dataset: Crimes - 2001 to Present from data.cityofchicago.org
2025-09-10 19:24:48,370 - WARNING - Requests made without an app_token will be subject to strict throttling limits.
2025-09-10 19:24:58,454 - INFO - Successfully downloaded 50000 records from Crimes - 2001 to Present
2025-09-10 19:24:58,540 - INFO - Extracted 49947 records with valid coordinates from dataset
2025-09-10 19:24:59,959 - INFO - Downloading dataset: Traffic Crashes - Crashes from data.cityofchicago.org
2025-09-10 19:24:59,960 - WARNING - Requests made without an app_token will be subject to strict throttling limits.
2025-09-10 19:25:08,612 - INFO - Successfully downloaded 50000 records from Traffic Crashes - Crashes
2025-09-10 19:25:08,728 - INFO - Extracted 49481 records with valid coordinates from dataset
2025-09-10 19:25:10,339 - INFO - Downloading dataset: Police Stations from data.cityofchicago.org
2025-09-10 19:25:10,340 - WARNING - Requests made without an app_token will be subject to strict throttling limits.
2025-09-10 19:25:10,656 - INFO - Successfully downloaded 23 records from Police Stations
2025-09-10 19:25:10,684 - INFO - Extracted 23 records with valid coordinates from dataset
2025-09-10 19:25:11,689 - INFO - Downloading dataset: Towed Vehicles from data.cityofchicago.org
2025-09-10 19:25:11,690 - WARNING - Requests made without an app_token will be subject to strict throttling limits.
2025-09-10 19:25:12,319 - INFO - Successfully downloaded 7021 records from Towed Vehicles
2025-09-10 19:25:12,321 - WARNING - Could not identify coordinate columns in dataset
2025-09-10 19:25:13,323 - INFO - Downloading dataset: Crimes - One year prior to present from data.cityofchicago.org
2025-09-10 19:25:13,323 - WARNING - Requests made without an app_token will be subject to strict throttling limits.
2025-09-10 19:25:22,504 - INFO - Successfully downloaded 50000 records from Crimes - One year prior to present
2025-09-10 19:25:22,570 - INFO - Extracted 49998 records with valid coordinates from dataset
2025-09-10 19:25:23,943 - INFO - Downloading dataset: Traffic Crashes - Vehicles from data.cityofchicago.org
2025-09-10 19:25:23,944 - WARNING - Requests made without an app_token will be subject to strict throttling limits.
2025-09-10 19:25:33,149 - INFO - Successfully downloaded 50000 records from Traffic Crashes - Vehicles
2025-09-10 19:25:33,168 - WARNING - Could not identify coordinate columns in dataset
2025-09-10 19:25:34,172 - INFO - Downloading dataset: Violence Reduction - Victims of Homicides and Non-Fatal Shootings from data.cityofchicago.org
2025-09-10 19:25:34,172 - WARNING - Requests made without an app_token will be subject to strict throttling limits.
2025-09-10 19:25:44,368 - INFO - Successfully downloaded 50000 records from Violence Reduction - Victims of Homicides and Non-Fatal Shootings
2025-09-10 19:25:44,516 - INFO - Extracted 49996 records with valid coordinates from dataset
2025-09-10 19:25:46,073 - INFO - Downloading dataset: Crimes - 2015 from data.cityofchicago.org
2025-09-10 19:25:46,073 - WARNING - Requests made without an app_token will be subject to strict throttling limits.
2025-09-10 19:25:48,870 - INFO - Successfully downloaded 50000 records from Crimes - 2015
2025-09-10 19:25:48,960 - INFO - Extracted 47965 records with valid coordinates from dataset
2025-09-10 19:25:50,314 - INFO - Downloading dataset: Violence Reduction - Shotspotter Alerts - Historical from data.cityofchicago.org
2025-09-10 19:25:50,315 - WARNING - Requests made without an app_token will be subject to strict throttling limits.
2025-09-10 19:25:52,884 - INFO - Successfully downloaded 50000 records from Violence Reduction - Shotspotter Alerts - Historical
2025-09-10 19:25:52,961 - INFO - Extracted 50000 records with valid coordinates from dataset
2025-09-10 19:25:54,370 - INFO - Downloading dataset: Strategic Subject List - Historical from data.cityofchicago.org
2025-09-10 19:25:54,371 - WARNING - Requests made without an app_token will be subject to strict throttling limits.
2025-09-10 19:25:57,321 - INFO - Successfully downloaded 50000 records from Strategic Subject List - Historical
2025-09-10 19:25:57,380 - INFO - Extracted 0 records with valid coordinates from dataset
2025-09-10 19:25:58,381 - INFO - Successfully processed 7 datasets with coordinate data
2025-09-10 19:26:03,193 - INFO - Combined dataset with 297410 records saved to crime_data/combined_crime_data_20250910.csv
2025-09-10 19:26:03,250 - INFO - 
Summary of combined dataset:
2025-09-10 19:26:03,250 - INFO - Total records: 297410
2025-09-10 19:26:03,258 - INFO - Cities represented: 1
2025-09-10 19:26:03,258 - INFO - Columns: id, case_number, date, block, iucr, primary_type, description, location_description, arrest, domestic, beat, district, ward, community_area, fbi_code, x_coordinate, y_coordinate, year, updated_on, latitude, longitude, location, :@computed_region_awaf_s7ux, :@computed_region_6mkv_f3dw, :@computed_region_vrxf_vc4k, :@computed_region_bdys_3d7i, :@computed_region_43wa_7qmu, :@computed_region_rpca_8um6, :@computed_region_d9mm_jgwp, :@computed_region_d3ds_rm58, :@computed_region_8hcu_yrd4, source_city, source_url, dataset_name, crash_record_id, crash_date, posted_speed_limit, traffic_control_device, device_condition, weather_condition, lighting_condition, first_crash_type, trafficway_type, alignment, roadway_surface_cond, road_defect, report_type, crash_type, damage, date_police_notified, prim_contributory_cause, sec_contributory_cause, street_no, street_direction, street_name, beat_of_occurrence, num_units, most_severe_injury, injuries_total, injuries_fatal, injuries_incapacitating, injuries_non_incapacitating, injuries_reported_not_evident, injuries_no_indication, injuries_unknown, crash_hour, crash_day_of_week, crash_month, hit_and_run_i, private_property_i, intersection_related_i, photos_taken_i, crash_date_est_i, statements_taken_i, dooring_i, work_zone_i, work_zone_type, workers_present_i, lane_cnt, district_name, address, city, state, zip, website, phone, fax, tty, case_, date_of_occurrence, _iucr, _primary_decsription, _secondary_description, _location_description, fbi_cd, victimization_primary, incident_primary, gunshot_injury_i, unique_id, zip_code, street_outreach_organization, area, age, sex, race, victimization_fbi_cd, incident_fbi_cd, victimization_fbi_descr, incident_fbi_descr, victimization_iucr_cd, incident_iucr_cd, victimization_iucr_secondary, incident_iucr_secondary, month, day_of_week, hour, state_house_district, state_senate_district, updated, homicide_victim_first_name, homicide_victim_mi, homicide_victim_last_name, incident_type_description, rounds, illinois_house_district, illinois_senate_district
2025-09-10 19:26:03,258 - INFO - 
Sample data:
2025-09-10 19:26:03,258 - INFO -          id case_number                     date  ... rounds illinois_house_district illinois_senate_district
0  13956856    JJ401760  2025-09-02T00:00:00.000  ...    NaN                     NaN                      NaN
1  13953872    JJ398616  2025-09-02T00:00:00.000  ...    NaN                     NaN                      NaN
2  13953796    JJ398609  2025-09-02T00:00:00.000  ...    NaN                     NaN                      NaN
3  13954772    JJ399809  2025-09-02T00:00:00.000  ...    NaN                     NaN                      NaN
4  13953871    JJ398711  2025-09-02T00:00:00.000  ...    NaN                     NaN                      NaN

[5 rows x 126 columns]
2025-09-11 14:48:10,735 - WARNING - Requests made without an app_token will be subject to strict throttling limits.
2025-09-11 14:48:10,736 - INFO - Loading existing metadata from crime_data/dataset_metadata.json
2025-09-11 14:48:10,737 - INFO - Loaded 69 datasets from existing metadata
2025-09-11 14:48:10,737 - INFO - Using existing metadata file
2025-09-11 14:48:10,737 - INFO - Found datasets from 4 domains
2025-09-11 14:48:10,737 - INFO - Processing dataset from data.cityofchicago.org
2025-09-11 14:48:10,737 - INFO - Selected dataset: Crimes - 2001 to Present
2025-09-11 14:48:10,737 - INFO - Downloading dataset: Crimes - 2001 to Present from data.cityofchicago.org
2025-09-11 14:48:10,737 - WARNING - Requests made without an app_token will be subject to strict throttling limits.
2025-09-11 14:48:32,820 - WARNING - Requests made without an app_token will be subject to strict throttling limits.
2025-09-11 14:48:32,821 - INFO - Loading existing metadata from crime_data/dataset_metadata.json
2025-09-11 14:48:32,822 - INFO - Loaded 69 datasets from existing metadata
2025-09-11 14:48:32,822 - INFO - Using existing metadata file
2025-09-11 14:48:32,822 - INFO - Found datasets from 4 domains
2025-09-11 14:48:32,822 - INFO - Processing dataset from data.cityofchicago.org
2025-09-11 14:48:32,822 - INFO - Selected dataset: Crimes - 2001 to Present
2025-09-11 14:48:32,822 - INFO - Downloading dataset: Crimes - 2001 to Present from data.cityofchicago.org
2025-09-11 14:48:32,822 - WARNING - Requests made without an app_token will be subject to strict throttling limits.
2025-09-11 14:48:42,973 - ERROR - Error downloading dataset Crimes - 2001 to Present: HTTPSConnectionPool(host='data.cityofchicago.org', port=443): Read timed out. (read timeout=10)
2025-09-11 14:48:43,978 - INFO - Processing dataset from data.lacity.org
2025-09-11 14:48:43,979 - INFO - Selected dataset: Crime Data from 2020 to Present
2025-09-11 14:48:43,979 - INFO - Downloading dataset: Crime Data from 2020 to Present from data.lacity.org
2025-09-11 14:48:43,980 - WARNING - Requests made without an app_token will be subject to strict throttling limits.
2025-09-11 14:48:47,009 - INFO - Successfully downloaded 50000 records from Crime Data from 2020 to Present
2025-09-11 14:48:47,122 - INFO - Extracted 49778 records with valid coordinates from dataset
2025-09-11 14:48:48,529 - INFO - Processing dataset from data.cityofnewyork.us
2025-09-11 14:48:48,530 - INFO - Selected dataset: Emergency Response Incidents
2025-09-11 14:48:48,530 - INFO - Downloading dataset: Emergency Response Incidents from data.cityofnewyork.us
2025-09-11 14:48:48,530 - WARNING - Requests made without an app_token will be subject to strict throttling limits.
2025-09-11 14:48:52,311 - INFO - Successfully downloaded 11750 records from Emergency Response Incidents
2025-09-11 14:48:52,328 - INFO - Extracted 10125 records with valid coordinates from dataset
2025-09-11 14:48:53,387 - INFO - Processing dataset from data.nola.gov
2025-09-11 14:48:53,388 - INFO - Selected dataset: Calls for Service 2013
2025-09-11 14:48:53,389 - INFO - Downloading dataset: Calls for Service 2013 from data.nola.gov
2025-09-11 14:48:53,389 - WARNING - Requests made without an app_token will be subject to strict throttling limits.
2025-09-11 14:48:56,623 - INFO - Successfully downloaded 50000 records from Calls for Service 2013
2025-09-11 14:48:56,696 - INFO - Extracted 0 records with valid coordinates from dataset
2025-09-11 14:48:57,701 - INFO - Successfully processed 2 datasets with coordinate data
2025-09-11 14:48:58,195 - INFO - Combined dataset with 59903 records saved to crime_data/combined_crime_data_20250911.csv
2025-09-11 14:48:58,234 - INFO - 
Summary of combined dataset:
2025-09-11 14:48:58,234 - INFO - Total records: 59903
2025-09-11 14:48:58,237 - INFO - Cities represented: 2
2025-09-11 14:48:58,237 - INFO - Columns: latitude, longitude, closed_date, creation_date, date_occ, date_rptd, time_occ, area, area_name, borough, crm_cd, crm_cd_1, crm_cd_2, crm_cd_3, crm_cd_4, crm_cd_desc, cross_street, dataset_name, dr_no, incident_type, lat, location, lon, mocodes, part_1_2, premis_cd, premis_desc, rpt_dist_no, source_city, source_url, status, status_desc, vict_age, vict_descent, vict_sex, weapon_desc, weapon_used_cd
2025-09-11 14:48:58,237 - INFO - 
Sample data:
2025-09-11 14:48:58,237 - INFO -    latitude  longitude closed_date  ... vict_sex                       weapon_desc weapon_used_cd
0   34.2124  -118.4092         NaN  ...        M                               NaN            NaN
1   34.1993  -118.4203         NaN  ...        M  KNIFE WITH BLADE 6INCHES OR LESS            200
2   34.1847  -118.4509         NaN  ...        M                               NaN            NaN
3   34.0339  -118.3747         NaN  ...        F                               NaN            NaN
4   33.9813  -118.4350         NaN  ...        M                               NaN            NaN

[5 rows x 37 columns]
2025-09-11 14:48:58,285 - INFO - 
Column order: ['latitude', 'longitude', 'closed_date', 'creation_date', 'date_occ', 'date_rptd', 'time_occ', 'area', 'area_name', 'borough']
2025-09-11 15:47:08,828 - WARNING - Requests made without an app_token will be subject to strict throttling limits.
2025-09-11 15:47:08,829 - INFO - Loading existing metadata from crime_data/dataset_metadata.json
2025-09-11 15:47:08,830 - INFO - Loaded 69 datasets from existing metadata
2025-09-11 15:47:08,830 - INFO - Using existing metadata file
2025-09-11 15:49:32,847 - WARNING - Requests made without an app_token will be subject to strict throttling limits.
2025-09-11 15:49:32,848 - INFO - Loading existing metadata from crime_data/dataset_metadata.json
2025-09-11 15:49:32,848 - INFO - Loaded 69 datasets from existing metadata
2025-09-11 15:49:32,849 - INFO - Using existing metadata file
2025-09-11 15:49:32,849 - INFO - Found datasets from 4 domains
2025-09-11 15:49:32,849 - INFO - Processing up to 1 datasets from data.cityofchicago.org
2025-09-11 15:49:32,849 - INFO - Processing dataset 1/1: Crimes - 2001 to Present
2025-09-11 15:49:32,849 - INFO - Downloading dataset: Crimes - 2001 to Present from data.cityofchicago.org
2025-09-11 15:49:32,849 - WARNING - Requests made without an app_token will be subject to strict throttling limits.
2025-09-11 15:49:43,120 - ERROR - Error downloading dataset Crimes - 2001 to Present: HTTPSConnectionPool(host='data.cityofchicago.org', port=443): Read timed out. (read timeout=10)
2025-09-11 15:49:44,125 - INFO - Processing up to 1 datasets from data.lacity.org
2025-09-11 15:49:44,126 - INFO - Processing dataset 1/1: Crime Data from 2020 to Present
2025-09-11 15:49:44,127 - INFO - Downloading dataset: Crime Data from 2020 to Present from data.lacity.org
2025-09-11 15:49:44,127 - WARNING - Requests made without an app_token will be subject to strict throttling limits.
2025-09-11 15:49:46,012 - INFO - Successfully downloaded 50000 records from Crime Data from 2020 to Present
2025-09-11 15:49:46,121 - INFO - Extracted 49778 records with valid coordinates from dataset
2025-09-11 15:49:46,527 - INFO - Saved individual dataset to crime_data/lacity_Crime_Data_from_2020_to_Presen_crime_data.csv
2025-09-11 15:49:47,532 - INFO - Processing up to 1 datasets from data.cityofnewyork.us
2025-09-11 15:49:47,533 - INFO - Processing dataset 1/1: Citywide Payroll Data (Fiscal Year)
2025-09-11 15:49:47,534 - INFO - Downloading dataset: Citywide Payroll Data (Fiscal Year) from data.cityofnewyork.us
2025-09-11 15:49:47,535 - WARNING - Requests made without an app_token will be subject to strict throttling limits.
2025-09-11 15:49:49,417 - INFO - Successfully downloaded 50000 records from Citywide Payroll Data (Fiscal Year)
2025-09-11 15:49:49,436 - WARNING - Could not identify coordinate columns in dataset
2025-09-11 15:49:50,440 - INFO - Processing up to 1 datasets from data.nola.gov
2025-09-11 15:49:50,441 - INFO - Processing dataset 1/1: Calls for Service 2013
2025-09-11 15:49:50,442 - INFO - Downloading dataset: Calls for Service 2013 from data.nola.gov
2025-09-11 15:49:50,443 - WARNING - Requests made without an app_token will be subject to strict throttling limits.
2025-09-11 15:49:53,308 - INFO - Successfully downloaded 50000 records from Calls for Service 2013
2025-09-11 15:49:53,396 - INFO - Extracted 0 records with valid coordinates from dataset
2025-09-11 15:49:54,402 - INFO - Successfully processed 1 datasets with coordinate data
2025-09-11 15:49:54,812 - INFO - Combined dataset with 49778 records saved to crime_data/combined_crime_data_20250911_154954.csv
2025-09-11 15:49:54,845 - INFO - 
Summary of combined dataset:
2025-09-11 15:49:54,846 - INFO - Total records: 49778
2025-09-11 15:49:54,848 - INFO - Cities represented: 1
2025-09-11 15:49:54,848 - INFO - Columns: source_city, dataset_name, source_url, latitude, longitude, date_occ, date_rptd, time_occ, area, area_name, crm_cd, crm_cd_1, crm_cd_2, crm_cd_3, crm_cd_4, crm_cd_desc, cross_street, dr_no, lat, location, lon, mocodes, part_1_2, premis_cd, premis_desc, rpt_dist_no, status, status_desc, vict_age, vict_descent, vict_sex, weapon_desc, weapon_used_cd
2025-09-11 15:49:54,848 - INFO - 
Sample data:
2025-09-11 15:49:54,848 - INFO -   source_city                     dataset_name  ...                       weapon_desc  weapon_used_cd
0      lacity  Crime Data from 2020 to Present  ...                               NaN             NaN
1      lacity  Crime Data from 2020 to Present  ...  KNIFE WITH BLADE 6INCHES OR LESS             200
2      lacity  Crime Data from 2020 to Present  ...                               NaN             NaN
3      lacity  Crime Data from 2020 to Present  ...                               NaN             NaN
4      lacity  Crime Data from 2020 to Present  ...                               NaN             NaN

[5 rows x 33 columns]
2025-09-11 15:49:54,883 - INFO - 
Column order: ['source_city', 'dataset_name', 'source_url', 'latitude', 'longitude', 'date_occ', 'date_rptd', 'time_occ', 'area', 'area_name']
2025-09-11 16:36:13,036 - INFO - Loading existing metadata from crime_data/dataset_metadata.json
2025-09-11 16:36:13,037 - INFO - Loaded 69 datasets from existing metadata
2025-09-11 16:36:13,037 - INFO - Using existing metadata file
2025-09-11 16:36:13,037 - INFO - Found datasets from 4 domains
2025-09-11 16:36:13,037 - INFO - Processing up to 1 datasets from data.cityofchicago.org
2025-09-11 16:36:13,037 - INFO - Processing dataset 1/1: Crimes - 2001 to Present
2025-09-11 16:36:13,037 - INFO - Downloading dataset: Crimes - 2001 to Present from data.cityofchicago.org
2025-09-11 16:36:13,441 - ERROR - Error downloading dataset Crimes - 2001 to Present: 403 Client Error: Forbidden.
	Invalid app_token specified
2025-09-11 16:36:14,446 - INFO - Processing up to 1 datasets from data.lacity.org
2025-09-11 16:36:14,447 - INFO - Processing dataset 1/1: Crime Data from 2020 to Present
2025-09-11 16:36:14,447 - INFO - Downloading dataset: Crime Data from 2020 to Present from data.lacity.org
2025-09-11 16:36:14,955 - ERROR - Error downloading dataset Crime Data from 2020 to Present: 403 Client Error: Forbidden.
	Invalid app_token specified
2025-09-11 16:36:15,957 - INFO - Processing up to 1 datasets from data.cityofnewyork.us
2025-09-11 16:36:15,958 - INFO - Processing dataset 1/1: Citywide Payroll Data (Fiscal Year)
2025-09-11 16:36:15,958 - INFO - Downloading dataset: Citywide Payroll Data (Fiscal Year) from data.cityofnewyork.us
2025-09-11 16:36:16,401 - ERROR - Error downloading dataset Citywide Payroll Data (Fiscal Year): 403 Client Error: Forbidden.
	Invalid app_token specified
2025-09-11 16:36:17,408 - INFO - Processing up to 1 datasets from data.nola.gov
2025-09-11 16:36:17,409 - INFO - Processing dataset 1/1: Calls for Service 2013
2025-09-11 16:36:17,409 - INFO - Downloading dataset: Calls for Service 2013 from data.nola.gov
2025-09-11 16:36:17,809 - ERROR - Error downloading dataset Calls for Service 2013: 403 Client Error: Forbidden.
	Invalid app_token specified
2025-09-11 16:36:18,815 - INFO - Successfully processed 0 datasets with coordinate data
2025-09-11 16:36:18,816 - WARNING - No data was successfully processed and combined.
2025-09-11 16:41:20,933 - INFO - Loading existing metadata from crime_data/dataset_metadata.json
2025-09-11 16:41:20,933 - INFO - Loaded 69 datasets from existing metadata
2025-09-11 16:41:20,933 - INFO - Using existing metadata file
2025-09-11 16:41:20,933 - INFO - Found datasets from 4 domains
2025-09-11 16:41:20,933 - INFO - Processing up to 1 datasets from data.cityofchicago.org
2025-09-11 16:41:20,934 - INFO - Processing dataset 1/1: Crimes - 2001 to Present
2025-09-11 16:41:20,934 - INFO - Downloading dataset: Crimes - 2001 to Present from data.cityofchicago.org
2025-09-11 16:41:21,173 - ERROR - Error downloading dataset Crimes - 2001 to Present: 403 Client Error: Forbidden.
	Invalid app_token specified
2025-09-11 16:41:22,177 - INFO - Processing up to 1 datasets from data.lacity.org
2025-09-11 16:41:22,178 - INFO - Processing dataset 1/1: Crime Data from 2020 to Present
2025-09-11 16:41:22,178 - INFO - Downloading dataset: Crime Data from 2020 to Present from data.lacity.org
2025-09-11 16:41:22,393 - ERROR - Error downloading dataset Crime Data from 2020 to Present: 403 Client Error: Forbidden.
	Invalid app_token specified
2025-09-11 16:41:23,396 - INFO - Processing up to 1 datasets from data.cityofnewyork.us
2025-09-11 16:41:23,396 - INFO - Processing dataset 1/1: Citywide Payroll Data (Fiscal Year)
2025-09-11 16:41:23,397 - INFO - Downloading dataset: Citywide Payroll Data (Fiscal Year) from data.cityofnewyork.us
2025-09-11 16:41:23,611 - ERROR - Error downloading dataset Citywide Payroll Data (Fiscal Year): 403 Client Error: Forbidden.
	Invalid app_token specified
2025-09-11 16:41:24,618 - INFO - Processing up to 1 datasets from data.nola.gov
2025-09-11 16:41:24,618 - INFO - Processing dataset 1/1: Calls for Service 2013
2025-09-11 16:41:24,619 - INFO - Downloading dataset: Calls for Service 2013 from data.nola.gov
2025-09-11 16:41:24,821 - ERROR - Error downloading dataset Calls for Service 2013: 403 Client Error: Forbidden.
	Invalid app_token specified
2025-09-11 16:41:25,827 - INFO - Successfully processed 0 datasets with coordinate data
2025-09-11 16:41:25,827 - WARNING - No data was successfully processed and combined.
2025-09-14 18:36:08,168 - INFO - Loading existing metadata from crime_data/dataset_metadata.json
2025-09-14 18:36:08,169 - INFO - Loaded 69 datasets from existing metadata
2025-09-14 18:36:08,169 - INFO - Using existing metadata file
2025-09-14 18:36:08,169 - INFO - Found datasets from 4 domains
2025-09-14 18:36:08,169 - INFO - Processing up to 1 datasets from data.cityofchicago.org
2025-09-14 18:36:08,169 - INFO - Processing dataset 1/1: Crimes - 2001 to Present
2025-09-14 18:36:08,169 - INFO - Downloading dataset: Crimes - 2001 to Present from data.cityofchicago.org
2025-09-14 18:36:18,401 - ERROR - Error downloading dataset Crimes - 2001 to Present: HTTPSConnectionPool(host='data.cityofchicago.org', port=443): Read timed out. (read timeout=10)
2025-09-14 18:36:19,405 - INFO - Processing up to 1 datasets from data.lacity.org
2025-09-14 18:36:19,406 - INFO - Processing dataset 1/1: Crime Data from 2020 to Present
2025-09-14 18:36:19,407 - INFO - Downloading dataset: Crime Data from 2020 to Present from data.lacity.org
2025-09-14 18:36:21,350 - INFO - Successfully downloaded 50000 records from Crime Data from 2020 to Present
2025-09-14 18:36:21,431 - INFO - Extracted 49778 records with valid coordinates from dataset
2025-09-14 18:36:21,703 - INFO - Saved individual dataset to crime_data/lacity_Crime_Data_from_2020_to_Presen_crime_data.csv
2025-09-14 18:36:22,708 - INFO - Processing up to 1 datasets from data.cityofnewyork.us
2025-09-14 18:36:22,709 - INFO - Processing dataset 1/1: Citywide Payroll Data (Fiscal Year)
2025-09-14 18:36:22,709 - INFO - Downloading dataset: Citywide Payroll Data (Fiscal Year) from data.cityofnewyork.us
2025-09-14 18:36:25,023 - INFO - Successfully downloaded 50000 records from Citywide Payroll Data (Fiscal Year)
2025-09-14 18:36:25,037 - WARNING - Could not identify coordinate columns in dataset
2025-09-14 18:36:26,041 - INFO - Processing up to 1 datasets from data.nola.gov
2025-09-14 18:36:26,043 - INFO - Processing dataset 1/1: Calls for Service 2013
2025-09-14 18:36:26,043 - INFO - Downloading dataset: Calls for Service 2013 from data.nola.gov
2025-09-14 18:36:28,725 - INFO - Successfully downloaded 50000 records from Calls for Service 2013
2025-09-14 18:36:28,791 - INFO - Extracted 0 records with valid coordinates from dataset
2025-09-14 18:36:29,795 - INFO - Successfully processed 1 datasets with coordinate data
2025-09-14 18:36:30,099 - INFO - Combined dataset with 49778 records saved to crime_data/combined_crime_data_20250914_183629.csv
2025-09-14 18:36:30,131 - INFO - 
Summary of combined dataset:
2025-09-14 18:36:30,131 - INFO - Total records: 49778
2025-09-14 18:36:30,133 - INFO - Cities represented: 1
2025-09-14 18:36:30,133 - INFO - Columns: source_city, dataset_name, source_url, latitude, longitude, date_occ, date_rptd, time_occ, area, area_name, crm_cd, crm_cd_1, crm_cd_2, crm_cd_3, crm_cd_4, crm_cd_desc, cross_street, dr_no, lat, location, lon, mocodes, part_1_2, premis_cd, premis_desc, rpt_dist_no, status, status_desc, vict_age, vict_descent, vict_sex, weapon_desc, weapon_used_cd
2025-09-14 18:36:30,133 - INFO - 
Sample data:
2025-09-14 18:36:30,133 - INFO -   source_city                     dataset_name  ...                       weapon_desc  weapon_used_cd
0      lacity  Crime Data from 2020 to Present  ...                               NaN             NaN
1      lacity  Crime Data from 2020 to Present  ...  KNIFE WITH BLADE 6INCHES OR LESS             200
2      lacity  Crime Data from 2020 to Present  ...                               NaN             NaN
3      lacity  Crime Data from 2020 to Present  ...                               NaN             NaN
4      lacity  Crime Data from 2020 to Present  ...                               NaN             NaN

[5 rows x 33 columns]
2025-09-14 18:36:30,158 - INFO - 
Column order: ['source_city', 'dataset_name', 'source_url', 'latitude', 'longitude', 'date_occ', 'date_rptd', 'time_occ', 'area', 'area_name']
2025-09-14 18:38:01,616 - INFO - Loading existing metadata from crime_data/dataset_metadata.json
2025-09-14 18:38:01,617 - INFO - Loaded 69 datasets from existing metadata
2025-09-14 18:38:01,617 - INFO - Using existing metadata file
2025-09-14 18:38:01,617 - INFO - Found datasets from 4 domains
2025-09-14 18:38:01,617 - INFO - Processing up to 1 datasets from data.cityofchicago.org
2025-09-14 18:38:01,617 - INFO - Processing dataset 1/1: Crimes - 2001 to Present
2025-09-14 18:38:01,617 - INFO - Downloading dataset: Crimes - 2001 to Present from data.cityofchicago.org
2025-09-14 18:38:12,326 - INFO - Successfully downloaded 50000 records from Crimes - 2001 to Present
2025-09-14 18:38:12,415 - INFO - Extracted 49940 records with valid coordinates from dataset
2025-09-14 18:38:12,773 - INFO - Saved individual dataset to crime_data/cityofchicago_Crimes_-_2001_to_Present_crime_data.csv
2025-09-14 18:38:13,779 - INFO - Processing up to 1 datasets from data.lacity.org
2025-09-14 18:38:13,779 - INFO - Processing dataset 1/1: Crime Data from 2020 to Present
2025-09-14 18:38:13,780 - INFO - Downloading dataset: Crime Data from 2020 to Present from data.lacity.org
2025-09-14 18:38:16,198 - INFO - Successfully downloaded 50000 records from Crime Data from 2020 to Present
2025-09-14 18:38:16,284 - INFO - Extracted 49778 records with valid coordinates from dataset
2025-09-14 18:38:16,555 - INFO - Saved individual dataset to crime_data/lacity_Crime_Data_from_2020_to_Presen_crime_data.csv
2025-09-14 18:38:17,560 - INFO - Processing up to 1 datasets from data.cityofnewyork.us
2025-09-14 18:38:17,561 - INFO - Processing dataset 1/1: Citywide Payroll Data (Fiscal Year)
2025-09-14 18:38:17,561 - INFO - Downloading dataset: Citywide Payroll Data (Fiscal Year) from data.cityofnewyork.us
2025-09-14 18:38:19,060 - INFO - Successfully downloaded 50000 records from Citywide Payroll Data (Fiscal Year)
2025-09-14 18:38:19,074 - WARNING - Could not identify coordinate columns in dataset
2025-09-14 18:38:20,079 - INFO - Processing up to 1 datasets from data.nola.gov
2025-09-14 18:38:20,080 - INFO - Processing dataset 1/1: Calls for Service 2013
2025-09-14 18:38:20,080 - INFO - Downloading dataset: Calls for Service 2013 from data.nola.gov
2025-09-14 18:38:22,392 - INFO - Successfully downloaded 50000 records from Calls for Service 2013
2025-09-14 18:38:22,459 - INFO - Extracted 0 records with valid coordinates from dataset
2025-09-14 18:38:23,462 - INFO - Successfully processed 2 datasets with coordinate data
2025-09-14 18:38:24,266 - INFO - Combined dataset with 99718 records saved to crime_data/combined_crime_data_20250914_183823.csv
2025-09-14 18:38:24,300 - INFO - 
Summary of combined dataset:
2025-09-14 18:38:24,301 - INFO - Total records: 99718
2025-09-14 18:38:24,302 - INFO - Cities represented: 2
2025-09-14 18:38:24,303 - INFO - Columns: source_city, dataset_name, source_url, latitude, longitude, date, date_occ, date_rptd, updated_on, time_occ, :@computed_region_43wa_7qmu, :@computed_region_6mkv_f3dw, :@computed_region_8hcu_yrd4, :@computed_region_awaf_s7ux, :@computed_region_bdys_3d7i, :@computed_region_d3ds_rm58, :@computed_region_d9mm_jgwp, :@computed_region_rpca_8um6, :@computed_region_vrxf_vc4k, area, area_name, arrest, beat, block, case_number, community_area, crm_cd, crm_cd_1, crm_cd_2, crm_cd_3, crm_cd_4, crm_cd_desc, cross_street, description, district, domestic, dr_no, fbi_code, id, iucr, lat, location, location_description, lon, mocodes, part_1_2, premis_cd, premis_desc, primary_type, rpt_dist_no, status, status_desc, vict_age, vict_descent, vict_sex, ward, weapon_desc, weapon_used_cd, x_coordinate, y_coordinate, year
2025-09-14 18:38:24,303 - INFO - 
Sample data:
2025-09-14 18:38:24,303 - INFO -      source_city              dataset_name  ... y_coordinate  year
0  cityofchicago  Crimes - 2001 to Present  ...      1846065  2025
1  cityofchicago  Crimes - 2001 to Present  ...      1848099  2025
2  cityofchicago  Crimes - 2001 to Present  ...      1865282  2025
3  cityofchicago  Crimes - 2001 to Present  ...      1905778  2025
4  cityofchicago  Crimes - 2001 to Present  ...      1918658  2025

[5 rows x 61 columns]
2025-09-14 18:38:24,340 - INFO - 
Column order: ['source_city', 'dataset_name', 'source_url', 'latitude', 'longitude', 'date', 'date_occ', 'date_rptd', 'updated_on', 'time_occ']
2025-09-15 14:54:41,905 - INFO - Loading existing metadata from crime_data/dataset_metadata.json
2025-09-15 14:54:41,906 - INFO - Loaded 69 datasets from existing metadata
2025-09-15 14:54:41,906 - INFO - Using existing metadata file
2025-09-15 14:54:41,906 - INFO - Found datasets from 4 domains
2025-09-15 14:54:41,906 - INFO - Processing up to 10 datasets from data.cityofchicago.org
2025-09-15 14:54:41,906 - INFO - Processing dataset 1/10: Crimes - 2001 to Present
2025-09-15 14:54:41,906 - INFO - Downloading dataset: Crimes - 2001 to Present from data.cityofchicago.org
2025-09-15 14:54:52,167 - ERROR - Error downloading dataset Crimes - 2001 to Present: HTTPSConnectionPool(host='data.cityofchicago.org', port=443): Read timed out. (read timeout=10)
2025-09-15 14:54:53,173 - INFO - Processing dataset 2/10: Traffic Crashes - Crashes
2025-09-15 14:54:53,174 - INFO - Downloading dataset: Traffic Crashes - Crashes from data.cityofchicago.org
2025-09-15 14:55:03,327 - ERROR - Error downloading dataset Traffic Crashes - Crashes: HTTPSConnectionPool(host='data.cityofchicago.org', port=443): Read timed out. (read timeout=10)
2025-09-15 14:55:04,333 - INFO - Processing dataset 3/10: Police Stations
2025-09-15 14:55:04,334 - INFO - Downloading dataset: Police Stations from data.cityofchicago.org
2025-09-15 14:55:04,829 - INFO - Successfully downloaded 23 records from Police Stations
2025-09-15 14:55:04,833 - INFO - Extracted 23 records with valid coordinates from dataset
2025-09-15 14:55:04,840 - INFO - Saved individual dataset to crime_data/cityofchicago_Police_Stations_crime_data.csv
2025-09-15 14:55:05,846 - INFO - Processing dataset 4/10: Towed Vehicles
2025-09-15 14:55:05,847 - INFO - Downloading dataset: Towed Vehicles from data.cityofchicago.org
2025-09-15 14:55:06,563 - INFO - Successfully downloaded 7263 records from Towed Vehicles
2025-09-15 14:55:06,563 - WARNING - Could not identify coordinate columns in dataset
2025-09-15 14:55:07,569 - INFO - Processing dataset 5/10: Crimes - One year prior to present
2025-09-15 14:55:07,569 - INFO - Downloading dataset: Crimes - One year prior to present from data.cityofchicago.org
2025-09-15 14:55:14,512 - INFO - Successfully downloaded 50000 records from Crimes - One year prior to present
2025-09-15 14:55:14,615 - INFO - Extracted 49999 records with valid coordinates from dataset
2025-09-15 14:55:15,065 - INFO - Saved individual dataset to crime_data/cityofchicago_Crimes_-_One_year_prior_to_pre_crime_data.csv
2025-09-15 14:55:16,070 - INFO - Processing dataset 6/10: Traffic Crashes - Vehicles
2025-09-15 14:55:16,071 - INFO - Downloading dataset: Traffic Crashes - Vehicles from data.cityofchicago.org
2025-09-15 14:55:26,232 - ERROR - Error downloading dataset Traffic Crashes - Vehicles: HTTPSConnectionPool(host='data.cityofchicago.org', port=443): Read timed out. (read timeout=10)
2025-09-15 14:55:27,257 - INFO - Processing dataset 7/10: Violence Reduction - Victims of Homicides and Non-Fatal Shootings
2025-09-15 14:55:27,257 - INFO - Downloading dataset: Violence Reduction - Victims of Homicides and Non-Fatal Shootings from data.cityofchicago.org
2025-09-15 14:55:33,523 - INFO - Successfully downloaded 50000 records from Violence Reduction - Victims of Homicides and Non-Fatal Shootings
2025-09-15 14:55:33,711 - INFO - Extracted 49994 records with valid coordinates from dataset
2025-09-15 14:55:34,417 - INFO - Saved individual dataset to crime_data/cityofchicago_Violence_Reduction_-_Victims_o_crime_data.csv
2025-09-15 14:55:35,419 - INFO - Processing dataset 8/10: Crimes - 2015
2025-09-15 14:55:35,420 - INFO - Downloading dataset: Crimes - 2015 from data.cityofchicago.org
2025-09-15 14:55:49,142 - INFO - Successfully downloaded 50000 records from Crimes - 2015
2025-09-15 14:55:49,258 - INFO - Extracted 47965 records with valid coordinates from dataset
2025-09-15 14:55:49,686 - INFO - Saved individual dataset to crime_data/cityofchicago_Crimes_-_2015_crime_data.csv
2025-09-15 14:55:50,691 - INFO - Processing dataset 9/10: Violence Reduction - Shotspotter Alerts - Historical
2025-09-15 14:55:50,692 - INFO - Downloading dataset: Violence Reduction - Shotspotter Alerts - Historical from data.cityofchicago.org
2025-09-15 14:55:55,781 - INFO - Successfully downloaded 50000 records from Violence Reduction - Shotspotter Alerts - Historical
2025-09-15 14:55:55,888 - INFO - Extracted 50000 records with valid coordinates from dataset
2025-09-15 14:55:56,407 - INFO - Saved individual dataset to crime_data/cityofchicago_Violence_Reduction_-_Shotspott_crime_data.csv
2025-09-15 14:55:57,409 - INFO - Processing dataset 10/10: Strategic Subject List - Historical
2025-09-15 14:55:57,409 - INFO - Downloading dataset: Strategic Subject List - Historical from data.cityofchicago.org
2025-09-15 14:56:00,388 - INFO - Successfully downloaded 50000 records from Strategic Subject List - Historical
2025-09-15 14:56:00,465 - INFO - Extracted 0 records with valid coordinates from dataset
2025-09-15 14:56:01,467 - INFO - Processing up to 10 datasets from data.lacity.org
2025-09-15 14:56:01,468 - INFO - Processing dataset 1/9: Crime Data from 2020 to Present
2025-09-15 14:56:01,468 - INFO - Downloading dataset: Crime Data from 2020 to Present from data.lacity.org
2025-09-15 14:56:04,244 - INFO - Successfully downloaded 50000 records from Crime Data from 2020 to Present
2025-09-15 14:56:04,371 - INFO - Extracted 49778 records with valid coordinates from dataset
2025-09-15 14:56:04,787 - INFO - Saved individual dataset to crime_data/lacity_Crime_Data_from_2020_to_Presen_crime_data.csv
2025-09-15 14:56:05,791 - INFO - Processing dataset 2/9: Crime Data from 2010 to 2019
2025-09-15 14:56:05,791 - INFO - Downloading dataset: Crime Data from 2010 to 2019 from data.lacity.org
2025-09-15 14:56:16,426 - INFO - Successfully downloaded 50000 records from Crime Data from 2010 to 2019
2025-09-15 14:56:16,546 - INFO - Extracted 49998 records with valid coordinates from dataset
2025-09-15 14:56:16,980 - INFO - Saved individual dataset to crime_data/lacity_Crime_Data_from_2010_to_2019_crime_data.csv
2025-09-15 14:56:17,983 - INFO - Processing dataset 3/9: Arrest Data from 2010 to 2019
2025-09-15 14:56:17,983 - INFO - Downloading dataset: Arrest Data from 2010 to 2019 from data.lacity.org
2025-09-15 14:56:20,681 - INFO - Successfully downloaded 50000 records from Arrest Data from 2010 to 2019
2025-09-15 14:56:20,798 - INFO - Extracted 49924 records with valid coordinates from dataset
2025-09-15 14:56:21,299 - INFO - Saved individual dataset to crime_data/lacity_Arrest_Data_from_2010_to_2019_crime_data.csv
2025-09-15 14:56:22,302 - INFO - Processing dataset 4/9: Traffic Collision Data from 2010 to Present
2025-09-15 14:56:22,302 - INFO - Downloading dataset: Traffic Collision Data from 2010 to Present from data.lacity.org
2025-09-15 14:56:25,060 - INFO - Successfully downloaded 50000 records from Traffic Collision Data from 2010 to Present
2025-09-15 14:56:25,116 - INFO - Extracted 0 records with valid coordinates from dataset
2025-09-15 14:56:26,121 - INFO - Processing dataset 5/9: Prostitution along N Western Ave
2025-09-15 14:56:26,121 - INFO - Downloading dataset: Prostitution along N Western Ave from data.lacity.org
2025-09-15 14:56:26,839 - INFO - Successfully downloaded 1749 records from Prostitution along N Western Ave
2025-09-15 14:56:26,878 - INFO - Extracted 0 records with valid coordinates from dataset
2025-09-15 14:56:27,883 - INFO - Processing dataset 6/9: Arrest Data from 2020 to Present
2025-09-15 14:56:27,885 - INFO - Downloading dataset: Arrest Data from 2020 to Present from data.lacity.org
2025-09-15 14:56:41,847 - INFO - Successfully downloaded 50000 records from Arrest Data from 2020 to Present
2025-09-15 14:56:41,969 - INFO - Extracted 49515 records with valid coordinates from dataset
2025-09-15 14:56:42,517 - INFO - Saved individual dataset to crime_data/lacity_Arrest_Data_from_2020_to_Prese_crime_data.csv
2025-09-15 14:56:43,522 - INFO - Processing dataset 7/9: LAHD Affordable Housing Projects List (2003 to Present)
2025-09-15 14:56:43,523 - INFO - Downloading dataset: LAHD Affordable Housing Projects List (2003 to Present) from data.lacity.org
2025-09-15 14:56:45,194 - INFO - Successfully downloaded 608 records from LAHD Affordable Housing Projects List (2003 to Present)
2025-09-15 14:56:45,204 - INFO - Extracted 608 records with valid coordinates from dataset
2025-09-15 14:56:45,216 - INFO - Saved individual dataset to crime_data/lacity_LAHD_Affordable_Housing_Projec_crime_data.csv
2025-09-15 14:56:46,221 - INFO - Processing dataset 8/9: Domestic Violence Calls from 2020 to Present
2025-09-15 14:56:46,222 - INFO - Downloading dataset: Domestic Violence Calls from 2020 to Present from data.lacity.org
2025-09-15 14:56:48,598 - INFO - Successfully downloaded 50000 records from Domestic Violence Calls from 2020 to Present
2025-09-15 14:56:48,698 - INFO - Extracted 49742 records with valid coordinates from dataset
2025-09-15 14:56:49,140 - INFO - Saved individual dataset to crime_data/lacity_Domestic_Violence_Calls_from_2_crime_data.csv
2025-09-15 14:56:50,145 - INFO - Processing dataset 9/9: Marijuana Data
2025-09-15 14:56:50,146 - INFO - Downloading dataset: Marijuana Data from data.lacity.org
2025-09-15 14:56:53,818 - INFO - Successfully downloaded 24667 records from Marijuana Data
2025-09-15 14:56:53,856 - INFO - Extracted 0 records with valid coordinates from dataset
2025-09-15 14:56:54,860 - INFO - Processing up to 10 datasets from data.cityofnewyork.us
2025-09-15 14:56:54,861 - INFO - Processing dataset 1/9: Citywide Payroll Data (Fiscal Year)
2025-09-15 14:56:54,861 - INFO - Downloading dataset: Citywide Payroll Data (Fiscal Year) from data.cityofnewyork.us
2025-09-15 14:57:00,265 - INFO - Successfully downloaded 50000 records from Citywide Payroll Data (Fiscal Year)
2025-09-15 14:57:00,287 - WARNING - Could not identify coordinate columns in dataset
2025-09-15 14:57:01,292 - INFO - Processing dataset 2/9: NYPD Arrest Data (Year to Date)
2025-09-15 14:57:01,293 - INFO - Downloading dataset: NYPD Arrest Data (Year to Date) from data.cityofnewyork.us
2025-09-15 14:57:06,621 - INFO - Successfully downloaded 50000 records from NYPD Arrest Data (Year to Date)
2025-09-15 14:57:06,744 - INFO - Extracted 49903 records with valid coordinates from dataset
2025-09-15 14:57:07,195 - INFO - Saved individual dataset to crime_data/cityofnewyork_NYPD_Arrest_Data_(Year_to_Date_crime_data.csv
2025-09-16 19:44:53,579 - INFO - No existing metadata found, searching for datasets
2025-09-16 19:44:53,579 - INFO - Searching for crime datasets with geographical coordinates
2025-09-16 19:44:53,579 - INFO - Searching for crime datasets in data.cityofchicago.org
2025-09-16 19:45:02,465 - INFO - Found dataset with coordinates: Crimes - 2001 to Present
2025-09-16 19:45:02,705 - INFO - Found dataset with coordinates: Traffic Crashes - Crashes
2025-09-16 19:45:03,386 - INFO - Found dataset with coordinates: Police Stations
2025-09-16 19:45:04,829 - INFO - Found dataset with coordinates: Towed Vehicles
2025-09-16 19:45:05,648 - INFO - Found dataset with coordinates: Crimes - One year prior to present
2025-09-16 19:45:08,198 - INFO - Found dataset with coordinates: Traffic Crashes - Vehicles
2025-09-16 19:45:10,044 - INFO - Found dataset with coordinates: Violence Reduction - Victims of Homicides and Non-Fatal Shootings
2025-09-16 20:35:42,242 - INFO - No existing metadata found, searching for datasets
2025-09-16 20:35:42,242 - INFO - Searching for crime datasets with geographical coordinates
2025-09-16 20:35:42,242 - INFO - Searching for crime datasets in data.cityofchicago.org
2025-09-16 20:35:57,041 - INFO - Found dataset with coordinates: Crimes - 2001 to Present
2025-09-16 20:36:05,235 - INFO - Found dataset with coordinates: Traffic Crashes - Crashes
2025-09-16 20:36:05,472 - INFO - Found dataset with coordinates: Police Stations
2025-09-16 20:36:13,352 - INFO - Found dataset with coordinates: Towed Vehicles
2025-09-16 20:36:13,732 - INFO - Found dataset with coordinates: Crimes - One year prior to present
2025-09-16 20:36:16,319 - INFO - Found dataset with coordinates: Traffic Crashes - Vehicles
2025-09-16 20:36:18,222 - INFO - Found dataset with coordinates: Violence Reduction - Victims of Homicides and Non-Fatal Shootings
2025-09-16 20:36:24,512 - INFO - Found dataset with coordinates: Crimes - 2015
2025-09-16 20:36:26,947 - INFO - Found dataset with coordinates: Violence Reduction - Shotspotter Alerts - Historical
2025-09-16 20:36:28,508 - INFO - Found dataset with coordinates: Strategic Subject List - Historical
2025-09-16 20:36:28,659 - INFO - Found dataset with coordinates: Crimes - 2020
2025-09-16 20:36:29,227 - INFO - Found dataset with coordinates: Crimes - 2022
2025-09-16 20:36:29,370 - INFO - Found dataset with coordinates: Crimes - 2018
2025-09-16 20:36:30,860 - INFO - Found dataset with coordinates: Crimes - 2014
2025-09-16 20:36:31,269 - INFO - Found dataset with coordinates: Crimes - 2024
2025-09-16 20:36:31,784 - INFO - Found dataset with coordinates: Crimes - 2017
2025-09-16 20:36:33,727 - INFO - Found dataset with coordinates: Crimes - 2019
2025-09-16 20:36:34,344 - INFO - Found dataset with coordinates: Crimes - 2013
2025-09-16 20:36:34,597 - INFO - Found 18 potential crime datasets with coordinates
2025-09-16 20:36:34,601 - INFO - Found 18 potential datasets
2025-09-16 20:36:34,604 - INFO - Dataset metadata saved to crime_data/dataset_metadata.json
2025-09-16 20:36:34,604 - INFO - Found datasets from 1 domains
2025-09-16 20:36:34,604 - INFO - Processing up to 1 datasets from data.cityofchicago.org
2025-09-16 20:36:34,604 - INFO - Processing dataset 1/1: Crimes - 2001 to Present
2025-09-16 20:36:34,604 - INFO - Downloading dataset: Crimes - 2001 to Present from data.cityofchicago.org
2025-09-16 20:36:54,976 - INFO - Successfully downloaded 50000 records from Crimes - 2001 to Present
2025-09-16 20:36:55,007 - INFO - Coordinate detection: type=separate_columns, lat_col=latitude, lon_col=longitude, loc_col=location_description
2025-09-16 20:36:55,011 - INFO - Extracted coordinates from separate columns: latitude, longitude
2025-09-16 20:36:55,129 - INFO - Extracted 49927 records with valid coordinates from dataset
2025-09-16 20:36:55,662 - INFO - Saved individual dataset to crime_data/cityofchicago_Crimes_-_2001_to_Present_crime_data.csv
2025-09-16 20:36:56,663 - INFO - Successfully processed 1 datasets with coordinate data
2025-09-16 20:36:57,225 - INFO - Combined dataset with 49927 records saved to crime_data/combined_crime_data_20250916_203656.csv
2025-09-16 20:36:57,238 - INFO - 
Summary of combined dataset:
2025-09-16 20:36:57,238 - INFO - Total records: 49927
2025-09-16 20:36:57,241 - INFO - Cities represented: 1
2025-09-16 20:36:57,241 - INFO - Columns: source_city, dataset_name, source_url, latitude, longitude, date, updated_on, :@computed_region_43wa_7qmu, :@computed_region_6mkv_f3dw, :@computed_region_8hcu_yrd4, :@computed_region_awaf_s7ux, :@computed_region_bdys_3d7i, :@computed_region_d3ds_rm58, :@computed_region_d9mm_jgwp, :@computed_region_rpca_8um6, :@computed_region_vrxf_vc4k, arrest, beat, block, case_number, community_area, description, district, domestic, fbi_code, id, iucr, location, location_description, primary_type, ward, x_coordinate, y_coordinate, year
2025-09-16 20:36:57,241 - INFO - 
Sample data:
2025-09-16 20:36:57,241 - INFO -      source_city              dataset_name  ... y_coordinate  year
0  cityofchicago  Crimes - 2001 to Present  ...      1939645  2025
1  cityofchicago  Crimes - 2001 to Present  ...      1882263  2025
2  cityofchicago  Crimes - 2001 to Present  ...      1839152  2025
3  cityofchicago  Crimes - 2001 to Present  ...      1936269  2025
4  cityofchicago  Crimes - 2001 to Present  ...      1843632  2025

[5 rows x 34 columns]
2025-09-16 20:36:57,279 - INFO - 
Column order: ['source_city', 'dataset_name', 'source_url', 'latitude', 'longitude', 'date', 'updated_on', ':@computed_region_43wa_7qmu', ':@computed_region_6mkv_f3dw', ':@computed_region_8hcu_yrd4']
2025-09-23 13:00:16,576 - INFO - No existing metadata found, searching for datasets
2025-09-23 13:00:16,576 - INFO - Searching for crime datasets with geographical coordinates
2025-09-23 13:00:16,576 - INFO - Searching for crime datasets in data.cityofchicago.org
2025-09-23 13:00:21,668 - INFO - Found dataset with coordinates: Crimes - 2001 to Present
2025-09-23 13:00:23,285 - INFO - Found dataset with coordinates: Traffic Crashes - Crashes
2025-09-23 13:00:23,602 - INFO - Found dataset with coordinates: Police Stations
2025-09-23 13:00:25,141 - INFO - Found dataset with coordinates: Towed Vehicles
2025-09-23 13:00:25,729 - INFO - Found dataset with coordinates: Crimes - One year prior to present
2025-09-23 13:00:29,043 - INFO - Found dataset with coordinates: Traffic Crashes - Vehicles
2025-09-23 13:00:29,636 - INFO - Found dataset with coordinates: Violence Reduction - Victims of Homicides and Non-Fatal Shootings
2025-09-23 13:00:34,037 - INFO - Found dataset with coordinates: Crimes - 2015
2025-09-23 13:00:34,785 - INFO - Found dataset with coordinates: Violence Reduction - Shotspotter Alerts - Historical
2025-09-23 13:00:35,165 - INFO - Found dataset with coordinates: Strategic Subject List - Historical
2025-09-23 13:00:36,235 - INFO - Found dataset with coordinates: Crimes - 2022
2025-09-23 13:00:36,596 - INFO - Found dataset with coordinates: Crimes - 2020
2025-09-23 13:00:36,897 - INFO - Found dataset with coordinates: Crimes - 2018
2025-09-23 13:00:37,622 - INFO - Found dataset with coordinates: Crimes - 2014
2025-09-23 13:00:38,297 - INFO - Found dataset with coordinates: Crimes - 2024
2025-09-23 13:00:39,335 - INFO - Found dataset with coordinates: Crimes - 2017
2025-09-23 13:00:40,025 - INFO - Found dataset with coordinates: Crimes - 2019
2025-09-23 13:00:40,650 - INFO - Found dataset with coordinates: Crimes - 2013
2025-09-23 13:00:40,947 - INFO - Found 18 potential crime datasets with coordinates
2025-09-23 13:00:40,951 - INFO - Found 18 potential datasets
2025-09-23 13:00:40,953 - INFO - Dataset metadata saved to crime_data/dataset_metadata.json
2025-09-23 13:00:40,953 - INFO - Found datasets from 1 domains
2025-09-23 13:00:40,953 - INFO - Processing up to 1 datasets from data.cityofchicago.org
2025-09-23 13:00:40,953 - INFO - Processing dataset 1/1: Crimes - 2001 to Present
2025-09-23 13:00:40,955 - INFO - Downloading dataset: Crimes - 2001 to Present from data.cityofchicago.org
2025-09-23 13:01:01,516 - INFO - Successfully downloaded and saved 50000 records from Crimes - 2001 to Present
2025-09-23 13:01:01,516 - INFO - Saved to: crime_data/Downloaded_Datasets/Cityofchicago/Crimes_-_2001_to_Present.csv
2025-09-23 13:01:01,534 - INFO - Found date columns to combine: ['date', 'updated_on']
2025-09-23 13:01:01,563 - INFO - Successfully parsed date column: date
2025-09-23 13:01:01,573 - INFO - Successfully parsed date column: updated_on
2025-09-23 13:01:07,932 - INFO - Combined dates: 50000 valid dates, 48366 valid times
2025-09-23 13:01:07,933 - INFO - Using cached coordinate info from metadata: crime_data/Downloaded_Datasets/cityofchicago/Crimes_-_2001_to_Present_metadata.json
2025-09-23 13:01:07,933 - INFO - Coordinate detection: type=separate_columns, lat_col=latitude, lon_col=longitude, loc_col=location_description
2025-09-23 13:01:07,936 - INFO - Extracted coordinates from separate columns: latitude, longitude
2025-09-23 13:01:08,061 - INFO - Extracted 49920 records with valid coordinates from dataset
2025-09-23 13:01:08,117 - INFO - Successfully processed dataset: Crimes - 2001 to Present with 49920 records
2025-09-23 13:01:09,122 - INFO - Successfully processed 1 datasets with coordinate data
2025-09-23 13:01:09,731 - INFO - Combined dataset with 49920 records saved to crime_data/Combined_Datasets/combined_crime_data_20250923_130109.csv
2025-09-23 13:01:09,745 - INFO - 
Summary of combined dataset:
2025-09-23 13:01:09,746 - INFO - Total records: 49920
2025-09-23 13:01:09,747 - INFO - Cities represented: 1
2025-09-23 13:01:09,747 - INFO - Columns: source_city, dataset_name, source_url, latitude, longitude, combined_date, combined_time, date, updated_on, :@computed_region_43wa_7qmu, :@computed_region_6mkv_f3dw, :@computed_region_8hcu_yrd4, :@computed_region_awaf_s7ux, :@computed_region_bdys_3d7i, :@computed_region_d3ds_rm58, :@computed_region_d9mm_jgwp, :@computed_region_rpca_8um6, :@computed_region_vrxf_vc4k, arrest, beat, block, case_number, community_area, description, district, domestic, fbi_code, id, iucr, location, location_description, primary_type, ward, x_coordinate, y_coordinate, year
2025-09-23 13:01:09,747 - INFO - 
Sample data:
2025-09-23 13:01:09,747 - INFO -      source_city              dataset_name  ... y_coordinate  year
0  cityofchicago  Crimes - 2001 to Present  ...      1873142  2025
1  cityofchicago  Crimes - 2001 to Present  ...      1915766  2025
2  cityofchicago  Crimes - 2001 to Present  ...      1942166  2025
3  cityofchicago  Crimes - 2001 to Present  ...      1861460  2025
4  cityofchicago  Crimes - 2001 to Present  ...      1863608  2025

[5 rows x 36 columns]
2025-09-23 13:01:09,788 - INFO - 
Column order: ['source_city', 'dataset_name', 'source_url', 'latitude', 'longitude', 'combined_date', 'combined_time', 'date', 'updated_on', ':@computed_region_43wa_7qmu']
2025-09-23 13:05:23,167 - INFO - Loading existing metadata from crime_data/dataset_metadata.json
2025-09-23 13:05:23,168 - INFO - Loaded 18 datasets from existing metadata
2025-09-23 13:05:23,168 - INFO - Using existing metadata file
2025-09-23 13:05:23,168 - INFO - Found datasets from 1 domains
2025-09-23 13:05:23,168 - INFO - Processing up to 1 datasets from data.cityofchicago.org
2025-09-23 13:05:23,168 - INFO - Processing dataset 1/1: Crimes - 2001 to Present
2025-09-23 13:05:23,168 - INFO - Dataset already exists: crime_data/Downloaded_Datasets/Cityofchicago/Crimes_-_2001_to_Present.csv, loading from file
2025-09-23 13:05:23,425 - INFO - Successfully loaded 50000 records from existing file: Crimes - 2001 to Present
2025-09-23 13:05:23,425 - INFO - Found date columns to combine: ['date', 'updated_on']
2025-09-23 13:05:23,448 - INFO - Successfully parsed date column: date
2025-09-23 13:05:23,453 - INFO - Successfully parsed date column: updated_on
2025-09-23 13:05:29,838 - INFO - Combined dates: 50000 valid dates, 48366 valid times
2025-09-23 13:05:29,850 - INFO - Removed original date column: date
2025-09-23 13:05:29,858 - INFO - Removed original date column: updated_on
2025-09-23 13:05:29,860 - INFO - Using cached coordinate info from metadata: crime_data/Downloaded_Datasets/cityofchicago/Crimes_-_2001_to_Present_metadata.json
2025-09-23 13:05:29,860 - INFO - Coordinate detection: type=separate_columns, lat_col=latitude, lon_col=longitude, loc_col=location_description
2025-09-23 13:05:29,861 - INFO - Extracted coordinates from separate columns: latitude, longitude
2025-09-23 13:05:29,890 - INFO - Extracted 49920 records with valid coordinates from dataset
2025-09-23 13:05:29,898 - INFO - Successfully processed dataset: Crimes - 2001 to Present with 49920 records
2025-09-23 13:05:30,900 - INFO - Successfully processed 1 datasets with coordinate data
2025-09-23 13:05:31,654 - INFO - Combined dataset with 49920 records saved to crime_data/Combined_Datasets/combined_crime_data_20250923_130530.csv
2025-09-23 13:05:31,657 - INFO - 
Summary of combined dataset:
2025-09-23 13:05:31,657 - INFO - Total records: 49920
2025-09-23 13:05:31,659 - INFO - Cities represented: 1
2025-09-23 13:05:31,659 - INFO - Columns: source_city, dataset_name, source_url, latitude, longitude, combined_date, combined_time, :@computed_region_43wa_7qmu, :@computed_region_6mkv_f3dw, :@computed_region_8hcu_yrd4, :@computed_region_awaf_s7ux, :@computed_region_bdys_3d7i, :@computed_region_d3ds_rm58, :@computed_region_d9mm_jgwp, :@computed_region_rpca_8um6, :@computed_region_vrxf_vc4k, arrest, beat, block, case_number, community_area, description, district, domestic, fbi_code, id, iucr, location, location_description, primary_type, ward, x_coordinate, y_coordinate, year
2025-09-23 13:05:31,659 - INFO - 
Sample data:
2025-09-23 13:05:31,659 - INFO -      source_city              dataset_name  ... y_coordinate  year
0  cityofchicago  Crimes - 2001 to Present  ...    1873142.0  2025
1  cityofchicago  Crimes - 2001 to Present  ...    1915766.0  2025
2  cityofchicago  Crimes - 2001 to Present  ...    1942166.0  2025
3  cityofchicago  Crimes - 2001 to Present  ...    1861460.0  2025
4  cityofchicago  Crimes - 2001 to Present  ...    1863608.0  2025

[5 rows x 34 columns]
2025-09-23 13:05:31,698 - INFO - 
Column order: ['source_city', 'dataset_name', 'source_url', 'latitude', 'longitude', 'combined_date', 'combined_time', ':@computed_region_43wa_7qmu', ':@computed_region_6mkv_f3dw', ':@computed_region_8hcu_yrd4']
2025-09-26 11:45:30,894 - INFO - Loading existing metadata from crime_data/dataset_metadata.json
2025-09-26 11:45:30,895 - INFO - Loaded 18 datasets from existing metadata
2025-09-26 11:45:30,895 - INFO - Using existing metadata file
2025-09-26 11:45:30,895 - INFO - Found datasets from 1 domains
2025-09-26 11:45:30,895 - INFO - Processing up to 100 datasets from data.cityofchicago.org
2025-09-26 11:45:30,895 - INFO - Processing dataset 1/18: Crimes - 2001 to Present
2025-09-26 11:45:30,895 - INFO - Dataset already exists: crime_data/Downloaded_Datasets/Cityofchicago/Crimes_-_2001_to_Present.csv, loading from file
2025-09-26 11:45:31,076 - INFO - Successfully loaded 50000 records from existing file: Crimes - 2001 to Present
2025-09-26 11:45:31,077 - INFO - Found date columns to combine: ['date', 'updated_on']
2025-09-26 11:45:31,089 - INFO - Successfully parsed date column: date
2025-09-26 11:45:31,092 - INFO - Successfully parsed date column: updated_on
2025-09-26 11:45:33,568 - INFO - Combined dates: 50000 valid dates, 48366 valid times
2025-09-26 11:45:33,575 - INFO - Removed original date column: date
2025-09-26 11:45:33,580 - INFO - Removed original date column: updated_on
2025-09-26 11:45:33,581 - INFO - Using cached coordinate info from metadata: crime_data/Downloaded_Datasets/cityofchicago/Crimes_-_2001_to_Present_metadata.json
2025-09-26 11:45:33,581 - INFO - Coordinate detection: type=separate_columns, lat_col=latitude, lon_col=longitude, loc_col=location_description
2025-09-26 11:45:33,582 - INFO - Extracted coordinates from separate columns: latitude, longitude
2025-09-26 11:45:33,596 - INFO - Extracted 49920 records with valid coordinates from dataset
2025-09-26 11:45:33,602 - INFO - Successfully processed dataset: Crimes - 2001 to Present with 49920 records
2025-09-26 11:45:34,607 - INFO - Processing dataset 2/18: Traffic Crashes - Crashes
2025-09-26 11:45:34,608 - INFO - Downloading dataset: Traffic Crashes - Crashes from data.cityofchicago.org
2025-09-26 11:45:46,461 - INFO - Successfully downloaded and saved 50000 records from Traffic Crashes - Crashes
2025-09-26 11:45:46,461 - INFO - Saved to: crime_data/Downloaded_Datasets/Cityofchicago/Traffic_Crashes_-_Crashes.csv
2025-09-26 11:45:46,476 - INFO - Found date columns to combine: ['crash_date', 'date_police_notified', 'crash_date_est_i']
2025-09-26 11:45:46,486 - INFO - Successfully parsed date column: crash_date
2025-09-26 11:45:46,496 - INFO - Successfully parsed date column: date_police_notified
2025-09-26 11:45:49,098 - INFO - Combined dates: 50000 valid dates, 49861 valid times
2025-09-26 11:45:49,121 - INFO - Removed original date column: crash_date
2025-09-26 11:45:49,145 - INFO - Removed original date column: date_police_notified
2025-09-26 11:45:49,171 - INFO - Removed original date column: crash_date_est_i
2025-09-26 11:45:49,172 - INFO - Using cached coordinate info from metadata: crime_data/Downloaded_Datasets/cityofchicago/Traffic_Crashes_-_Crashes_metadata.json
2025-09-26 11:45:49,172 - INFO - Coordinate detection: type=separate_columns, lat_col=latitude, lon_col=longitude, loc_col=location
2025-09-26 11:45:49,173 - INFO - Extracted coordinates from separate columns: latitude, longitude
2025-09-26 11:45:49,280 - INFO - Extracted 49487 records with valid coordinates from dataset
2025-09-26 11:45:49,335 - INFO - Successfully processed dataset: Traffic Crashes - Crashes with 49487 records
2025-09-26 11:45:50,336 - INFO - Processing dataset 3/18: Police Stations
2025-09-26 11:45:50,337 - INFO - Downloading dataset: Police Stations from data.cityofchicago.org
2025-09-26 11:45:53,352 - INFO - Successfully downloaded and saved 23 records from Police Stations
2025-09-26 11:45:53,352 - INFO - Saved to: crime_data/Downloaded_Datasets/Cityofchicago/Police_Stations.csv
2025-09-26 11:45:53,369 - INFO - No date columns found to combine
2025-09-26 11:45:53,369 - INFO - Using cached coordinate info from metadata: crime_data/Downloaded_Datasets/cityofchicago/Police_Stations_metadata.json
2025-09-26 11:45:53,369 - INFO - Coordinate detection: type=separate_columns, lat_col=latitude, lon_col=longitude, loc_col=location
2025-09-26 11:45:53,369 - INFO - Extracted coordinates from separate columns: latitude, longitude
2025-09-26 11:45:53,370 - INFO - Extracted 23 records with valid coordinates from dataset
2025-09-26 11:45:53,370 - INFO - Successfully processed dataset: Police Stations with 23 records
2025-09-26 11:45:54,375 - INFO - Processing dataset 4/18: Towed Vehicles
2025-09-26 11:45:54,376 - INFO - Downloading dataset: Towed Vehicles from data.cityofchicago.org
2025-09-26 11:45:55,567 - INFO - Successfully downloaded and saved 7188 records from Towed Vehicles
2025-09-26 11:45:55,567 - INFO - Saved to: crime_data/Downloaded_Datasets/Cityofchicago/Towed_Vehicles.csv
2025-09-26 11:45:55,568 - INFO - Found date columns to combine: ['tow_date']
2025-09-26 11:45:55,569 - INFO - Successfully parsed date column: tow_date
2025-09-26 11:45:55,918 - INFO - Combined dates: 7188 valid dates, 0 valid times
2025-09-26 11:45:55,919 - INFO - Removed original date column: tow_date
2025-09-26 11:45:55,919 - INFO - Using cached coordinate info from metadata: crime_data/Downloaded_Datasets/cityofchicago/Towed_Vehicles_metadata.json
2025-09-26 11:45:55,919 - INFO - Coordinate detection: type=none, lat_col=plate, lon_col=None, loc_col=None
2025-09-26 11:45:55,919 - WARNING - No coordinate columns detected
2025-09-26 11:45:56,922 - INFO - Processing dataset 5/18: Crimes - One year prior to present
2025-09-26 11:45:56,923 - INFO - Downloading dataset: Crimes - One year prior to present from data.cityofchicago.org
2025-09-26 11:46:00,846 - INFO - Successfully downloaded and saved 50000 records from Crimes - One year prior to present
2025-09-26 11:46:00,847 - INFO - Saved to: crime_data/Downloaded_Datasets/Cityofchicago/Crimes_-_One_year_prior_to_present.csv
2025-09-26 11:46:00,856 - INFO - Found date columns to combine: ['date_of_occurrence']
2025-09-26 11:46:00,869 - INFO - Successfully parsed date column: date_of_occurrence
2025-09-26 11:46:03,349 - INFO - Combined dates: 50000 valid dates, 48241 valid times
2025-09-26 11:46:03,363 - INFO - Removed original date column: date_of_occurrence
2025-09-26 11:46:03,363 - INFO - Using real-time coordinate detection
2025-09-26 11:46:03,363 - INFO - Coordinate detection: type=separate_columns, lat_col=latitude, lon_col=longitude, loc_col=_location_description
2025-09-26 11:46:03,364 - INFO - Extracted coordinates from separate columns: latitude, longitude
2025-09-26 11:46:03,417 - INFO - Extracted 49999 records with valid coordinates from dataset
2025-09-26 11:46:03,436 - INFO - Successfully processed dataset: Crimes - One year prior to present with 49999 records
2025-09-26 11:46:04,441 - INFO - Processing dataset 6/18: Traffic Crashes - Vehicles
2025-09-26 11:46:04,442 - INFO - Downloading dataset: Traffic Crashes - Vehicles from data.cityofchicago.org
2025-09-26 11:46:28,374 - INFO - Successfully downloaded and saved 50000 records from Traffic Crashes - Vehicles
2025-09-26 11:46:28,374 - INFO - Saved to: crime_data/Downloaded_Datasets/Cityofchicago/Traffic_Crashes_-_Vehicles.csv
2025-09-26 11:46:28,387 - INFO - Found date columns to combine: ['crash_date']
2025-09-26 11:46:28,398 - INFO - Successfully parsed date column: crash_date
2025-09-26 11:46:30,996 - INFO - Combined dates: 50000 valid dates, 49867 valid times
2025-09-26 11:46:31,033 - INFO - Removed original date column: crash_date
2025-09-26 11:46:31,034 - INFO - Using cached coordinate info from metadata: crime_data/Downloaded_Datasets/cityofchicago/Traffic_Crashes_-_Vehicles_metadata.json
2025-09-26 11:46:31,034 - INFO - Coordinate detection: type=combined_column, lat_col=lic_plate_state, lon_col=None, loc_col=first_contact_point
2025-09-26 11:46:31,037 - ERROR - Error extracting combined coordinates from first_contact_point: Expecting value: line 1 column 1 (char 0)
2025-09-26 11:46:31,037 - WARNING - Failed to extract coordinates
2025-09-26 11:46:32,050 - INFO - Processing dataset 7/18: Violence Reduction - Victims of Homicides and Non-Fatal Shootings
2025-09-26 11:46:32,051 - INFO - Downloading dataset: Violence Reduction - Victims of Homicides and Non-Fatal Shootings from data.cityofchicago.org
2025-09-26 11:46:42,622 - INFO - Successfully downloaded and saved 50000 records from Violence Reduction - Victims of Homicides and Non-Fatal Shootings
2025-09-26 11:46:42,622 - INFO - Saved to: crime_data/Downloaded_Datasets/Cityofchicago/Violence_Reduction_-_Victims_of_Homicides_and_Non-.csv
2025-09-26 11:46:42,654 - INFO - Found date columns to combine: ['date', 'updated']
2025-09-26 11:46:42,663 - INFO - Successfully parsed date column: date
2025-09-26 11:46:42,672 - INFO - Successfully parsed date column: updated
2025-09-26 11:46:45,390 - INFO - Combined dates: 50000 valid dates, 49825 valid times
2025-09-26 11:46:45,415 - INFO - Removed original date column: date
2025-09-26 11:46:45,439 - INFO - Removed original date column: updated
2025-09-26 11:46:45,439 - INFO - Using real-time coordinate detection
2025-09-26 11:46:45,439 - INFO - Coordinate detection: type=separate_columns, lat_col=victimization_primary, lon_col=sex, loc_col=location_description
2025-09-26 11:46:45,440 - INFO - Extracted coordinates from separate columns: victimization_primary, sex
2025-09-26 11:46:45,480 - INFO - Extracted 0 records with valid coordinates from dataset
2025-09-26 11:46:46,495 - INFO - Processing dataset 8/18: Crimes - 2015
2025-09-26 11:46:46,496 - INFO - Downloading dataset: Crimes - 2015 from data.cityofchicago.org
2025-09-26 11:46:54,987 - INFO - Successfully downloaded and saved 50000 records from Crimes - 2015
2025-09-26 11:46:54,987 - INFO - Saved to: crime_data/Downloaded_Datasets/Cityofchicago/Crimes_-_2015.csv
2025-09-26 11:46:55,034 - INFO - Found date columns to combine: ['date', 'updated_on']
2025-09-26 11:46:55,050 - INFO - Successfully parsed date column: date
2025-09-26 11:46:55,057 - INFO - Successfully parsed date column: updated_on
2025-09-26 11:46:57,575 - INFO - Combined dates: 50000 valid dates, 49426 valid times
2025-09-26 11:46:57,588 - INFO - Removed original date column: date
2025-09-26 11:46:57,601 - INFO - Removed original date column: updated_on
2025-09-26 11:46:57,601 - INFO - Using cached coordinate info from metadata: crime_data/Downloaded_Datasets/cityofchicago/Crimes_-_2015_metadata.json
2025-09-26 11:46:57,602 - INFO - Coordinate detection: type=combined_column, lat_col=primary_type, lon_col=None, loc_col=location_description
2025-09-26 11:46:57,605 - ERROR - Error extracting combined coordinates from location_description: Expecting value: line 1 column 1 (char 0)
2025-09-26 11:46:57,605 - WARNING - Failed to extract coordinates
2025-09-26 11:46:58,612 - INFO - Processing dataset 9/18: Violence Reduction - Shotspotter Alerts - Historical
2025-09-26 11:46:58,612 - INFO - Downloading dataset: Violence Reduction - Shotspotter Alerts - Historical from data.cityofchicago.org
2025-09-26 11:47:13,995 - INFO - Successfully downloaded and saved 50000 records from Violence Reduction - Shotspotter Alerts - Historical
2025-09-26 11:47:13,995 - INFO - Saved to: crime_data/Downloaded_Datasets/Cityofchicago/Violence_Reduction_-_Shotspotter_Alerts_-_Historic.csv
2025-09-26 11:47:14,027 - INFO - Found date columns to combine: ['date']
2025-09-26 11:47:14,035 - INFO - Successfully parsed date column: date
2025-09-26 11:47:16,682 - INFO - Combined dates: 50000 valid dates, 50000 valid times
2025-09-26 11:47:16,698 - INFO - Removed original date column: date
2025-09-26 11:47:16,699 - INFO - Using real-time coordinate detection
2025-09-26 11:47:16,699 - INFO - Coordinate detection: type=separate_columns, lat_col=latitude, lon_col=longitude, loc_col=location
2025-09-26 11:47:16,700 - INFO - Extracted coordinates from separate columns: latitude, longitude
2025-09-26 11:47:16,761 - INFO - Extracted 50000 records with valid coordinates from dataset
2025-09-26 11:47:16,784 - INFO - Successfully processed dataset: Violence Reduction - Shotspotter Alerts - Historical with 50000 records
2025-09-26 11:47:17,788 - INFO - Processing dataset 10/18: Strategic Subject List - Historical
2025-09-26 11:47:17,789 - INFO - Downloading dataset: Strategic Subject List - Historical from data.cityofchicago.org
2025-09-26 11:47:24,860 - INFO - Successfully downloaded and saved 50000 records from Strategic Subject List - Historical
2025-09-26 11:47:24,860 - INFO - Saved to: crime_data/Downloaded_Datasets/Cityofchicago/Strategic_Subject_List_-_Historical.csv
2025-09-26 11:47:24,876 - INFO - Found date columns to combine: ['latest_date', 'ssl_last_ptv_date', 'latest_narcotic_arr_date', 'latest_domestic_arr_date', 'latest_weapon_arr_date']
2025-09-26 11:47:24,881 - INFO - Successfully parsed date column: latest_date
2025-09-26 11:47:24,883 - INFO - Successfully parsed date column: ssl_last_ptv_date
2025-09-26 11:47:24,885 - INFO - Successfully parsed date column: latest_narcotic_arr_date
2025-09-26 11:47:24,888 - INFO - Successfully parsed date column: latest_domestic_arr_date
2025-09-26 11:47:24,889 - INFO - Successfully parsed date column: latest_weapon_arr_date
2025-09-26 11:47:27,405 - INFO - Combined dates: 50000 valid dates, 0 valid times
2025-09-26 11:47:27,424 - INFO - Removed original date column: latest_date
2025-09-26 11:47:27,442 - INFO - Removed original date column: ssl_last_ptv_date
2025-09-26 11:47:27,461 - INFO - Removed original date column: latest_narcotic_arr_date
2025-09-26 11:47:27,481 - INFO - Removed original date column: latest_domestic_arr_date
2025-09-26 11:47:27,501 - INFO - Removed original date column: latest_weapon_arr_date
2025-09-26 11:47:27,502 - INFO - Using real-time coordinate detection
2025-09-26 11:47:27,502 - INFO - Coordinate detection: type=separate_columns, lat_col=predictor_rat_age_at_latest_arrest, lon_col=sex_code_cd, loc_col=None
2025-09-26 11:47:27,503 - INFO - Extracted coordinates from separate columns: predictor_rat_age_at_latest_arrest, sex_code_cd
2025-09-26 11:47:27,543 - INFO - Extracted 0 records with valid coordinates from dataset
2025-09-26 11:47:28,551 - INFO - Processing dataset 11/18: Crimes - 2022
2025-09-26 11:47:28,552 - INFO - Downloading dataset: Crimes - 2022 from data.cityofchicago.org
2025-09-26 11:47:39,514 - INFO - Successfully downloaded and saved 50000 records from Crimes - 2022
2025-09-26 11:47:39,514 - INFO - Saved to: crime_data/Downloaded_Datasets/Cityofchicago/Crimes_-_2022.csv
2025-09-26 11:47:39,538 - INFO - Found date columns to combine: ['date', 'updated_on']
2025-09-26 11:47:39,550 - INFO - Successfully parsed date column: date
2025-09-26 11:47:39,559 - INFO - Successfully parsed date column: updated_on
2025-09-26 11:47:42,317 - INFO - Combined dates: 50000 valid dates, 48200 valid times
2025-09-26 11:47:42,332 - INFO - Removed original date column: date
2025-09-26 11:47:42,344 - INFO - Removed original date column: updated_on
2025-09-26 11:47:42,345 - INFO - Using cached coordinate info from metadata: crime_data/Downloaded_Datasets/cityofchicago/Crimes_-_2022_metadata.json
2025-09-26 11:47:42,345 - INFO - Coordinate detection: type=separate_columns, lat_col=latitude, lon_col=longitude, loc_col=location_description
2025-09-26 11:47:42,346 - INFO - Extracted coordinates from separate columns: latitude, longitude
2025-09-26 11:47:42,398 - INFO - Extracted 49233 records with valid coordinates from dataset
2025-09-26 11:47:42,414 - INFO - Successfully processed dataset: Crimes - 2022 with 49233 records
2025-09-26 11:47:43,420 - INFO - Processing dataset 12/18: Crimes - 2020
2025-09-26 11:47:43,420 - INFO - Downloading dataset: Crimes - 2020 from data.cityofchicago.org
2025-09-26 11:47:48,918 - INFO - Successfully downloaded and saved 50000 records from Crimes - 2020
2025-09-26 11:47:48,918 - INFO - Saved to: crime_data/Downloaded_Datasets/Cityofchicago/Crimes_-_2020.csv
2025-09-26 11:47:48,934 - INFO - Found date columns to combine: ['date', 'updated_on']
2025-09-26 11:47:48,947 - INFO - Successfully parsed date column: date
2025-09-26 11:47:48,955 - INFO - Successfully parsed date column: updated_on
2025-09-26 11:47:51,529 - INFO - Combined dates: 50000 valid dates, 48500 valid times
2025-09-26 11:47:51,542 - INFO - Removed original date column: date
2025-09-26 11:47:51,555 - INFO - Removed original date column: updated_on
2025-09-26 11:47:51,555 - INFO - Using cached coordinate info from metadata: crime_data/Downloaded_Datasets/cityofchicago/Crimes_-_2020_metadata.json
2025-09-26 11:47:51,555 - INFO - Coordinate detection: type=separate_columns, lat_col=latitude, lon_col=longitude, loc_col=location_description
2025-09-26 11:47:51,556 - INFO - Extracted coordinates from separate columns: latitude, longitude
2025-09-26 11:47:51,607 - INFO - Extracted 48272 records with valid coordinates from dataset
2025-09-26 11:47:51,624 - INFO - Successfully processed dataset: Crimes - 2020 with 48272 records
2025-09-26 11:47:52,629 - INFO - Processing dataset 13/18: Crimes - 2018
2025-09-26 11:47:52,630 - INFO - Downloading dataset: Crimes - 2018 from data.cityofchicago.org
2025-09-26 11:47:56,366 - INFO - Successfully downloaded and saved 50000 records from Crimes - 2018
2025-09-26 11:47:56,366 - INFO - Saved to: crime_data/Downloaded_Datasets/Cityofchicago/Crimes_-_2018.csv
2025-09-26 11:47:56,384 - INFO - Found date columns to combine: ['date', 'updated_on']
2025-09-26 11:47:56,398 - INFO - Successfully parsed date column: date
2025-09-26 11:47:56,406 - INFO - Successfully parsed date column: updated_on
2025-09-26 11:47:59,244 - INFO - Combined dates: 50000 valid dates, 49309 valid times
2025-09-26 11:47:59,258 - INFO - Removed original date column: date
2025-09-26 11:47:59,271 - INFO - Removed original date column: updated_on
2025-09-26 11:47:59,271 - INFO - Using cached coordinate info from metadata: crime_data/Downloaded_Datasets/cityofchicago/Crimes_-_2018_metadata.json
2025-09-26 11:47:59,271 - INFO - Coordinate detection: type=separate_columns, lat_col=latitude, lon_col=longitude, loc_col=location_description
2025-09-26 11:47:59,272 - INFO - Extracted coordinates from separate columns: latitude, longitude
2025-09-26 11:47:59,327 - INFO - Extracted 48168 records with valid coordinates from dataset
2025-09-26 11:47:59,349 - INFO - Successfully processed dataset: Crimes - 2018 with 48168 records
2025-09-26 11:48:00,354 - INFO - Processing dataset 14/18: Crimes - 2014
2025-09-26 11:48:00,355 - INFO - Downloading dataset: Crimes - 2014 from data.cityofchicago.org
2025-09-26 11:48:04,243 - INFO - Successfully downloaded and saved 50000 records from Crimes - 2014
2025-09-26 11:48:04,243 - INFO - Saved to: crime_data/Downloaded_Datasets/Cityofchicago/Crimes_-_2014.csv
2025-09-26 11:48:04,260 - INFO - Found date columns to combine: ['date', 'updated_on']
2025-09-26 11:48:04,272 - INFO - Successfully parsed date column: date
2025-09-26 11:48:04,280 - INFO - Successfully parsed date column: updated_on
2025-09-26 11:48:06,858 - INFO - Combined dates: 50000 valid dates, 49530 valid times
2025-09-26 11:48:06,872 - INFO - Removed original date column: date
2025-09-26 11:48:06,885 - INFO - Removed original date column: updated_on
2025-09-26 11:48:06,885 - INFO - Using cached coordinate info from metadata: crime_data/Downloaded_Datasets/cityofchicago/Crimes_-_2014_metadata.json
2025-09-26 11:48:06,885 - INFO - Coordinate detection: type=separate_columns, lat_col=latitude, lon_col=longitude, loc_col=location_description
2025-09-26 11:48:06,886 - INFO - Extracted coordinates from separate columns: latitude, longitude
2025-09-26 11:48:06,936 - INFO - Extracted 49580 records with valid coordinates from dataset
2025-09-26 11:48:06,956 - INFO - Successfully processed dataset: Crimes - 2014 with 49580 records
2025-09-26 11:48:07,959 - INFO - Processing dataset 15/18: Crimes - 2024
2025-09-26 11:48:07,959 - INFO - Downloading dataset: Crimes - 2024 from data.cityofchicago.org
2025-09-26 11:48:16,028 - INFO - Successfully downloaded and saved 50000 records from Crimes - 2024
2025-09-26 11:48:16,028 - INFO - Saved to: crime_data/Downloaded_Datasets/Cityofchicago/Crimes_-_2024.csv
2025-09-26 11:48:16,045 - INFO - Found date columns to combine: ['date', 'updated_on']
2025-09-26 11:48:16,060 - INFO - Successfully parsed date column: date
2025-09-26 11:48:16,066 - INFO - Successfully parsed date column: updated_on
2025-09-26 11:48:19,117 - INFO - Combined dates: 50000 valid dates, 48139 valid times
2025-09-26 11:48:19,130 - INFO - Removed original date column: date
2025-09-26 11:48:19,142 - INFO - Removed original date column: updated_on
2025-09-26 11:48:19,143 - INFO - Using cached coordinate info from metadata: crime_data/Downloaded_Datasets/cityofchicago/Crimes_-_2024_metadata.json
2025-09-26 11:48:19,143 - INFO - Coordinate detection: type=separate_columns, lat_col=latitude, lon_col=longitude, loc_col=location_description
2025-09-26 11:48:19,144 - INFO - Extracted coordinates from separate columns: latitude, longitude
2025-09-26 11:48:19,199 - INFO - Extracted 49998 records with valid coordinates from dataset
2025-09-26 11:48:19,215 - INFO - Successfully processed dataset: Crimes - 2024 with 49998 records
2025-09-26 11:48:20,216 - INFO - Processing dataset 16/18: Crimes - 2017
2025-09-26 11:48:20,217 - INFO - Downloading dataset: Crimes - 2017 from data.cityofchicago.org
2025-09-26 11:48:37,708 - INFO - Successfully downloaded and saved 50000 records from Crimes - 2017
2025-09-26 11:48:37,708 - INFO - Saved to: crime_data/Downloaded_Datasets/Cityofchicago/Crimes_-_2017.csv
2025-09-26 11:48:37,723 - INFO - Found date columns to combine: ['date', 'updated_on']
2025-09-26 11:48:37,741 - INFO - Successfully parsed date column: date
2025-09-26 11:48:37,749 - INFO - Successfully parsed date column: updated_on
2025-09-26 11:48:40,352 - INFO - Combined dates: 50000 valid dates, 49318 valid times
2025-09-26 11:48:40,365 - INFO - Removed original date column: date
2025-09-26 11:48:40,378 - INFO - Removed original date column: updated_on
2025-09-26 11:48:40,379 - INFO - Using cached coordinate info from metadata: crime_data/Downloaded_Datasets/cityofchicago/Crimes_-_2017_metadata.json
2025-09-26 11:48:40,379 - INFO - Coordinate detection: type=separate_columns, lat_col=latitude, lon_col=longitude, loc_col=location_description
2025-09-26 11:48:40,380 - INFO - Extracted coordinates from separate columns: latitude, longitude
2025-09-26 11:48:40,431 - INFO - Extracted 48550 records with valid coordinates from dataset
2025-09-26 11:48:40,451 - INFO - Successfully processed dataset: Crimes - 2017 with 48550 records
2025-09-26 11:48:41,456 - INFO - Processing dataset 17/18: Crimes - 2019
2025-09-26 11:48:41,457 - INFO - Downloading dataset: Crimes - 2019 from data.cityofchicago.org
2025-09-26 11:48:50,174 - INFO - Successfully downloaded and saved 50000 records from Crimes - 2019
2025-09-26 11:48:50,174 - INFO - Saved to: crime_data/Downloaded_Datasets/Cityofchicago/Crimes_-_2019.csv
2025-09-26 11:48:50,190 - INFO - Found date columns to combine: ['date', 'updated_on']
2025-09-26 11:48:50,204 - INFO - Successfully parsed date column: date
2025-09-26 11:48:50,212 - INFO - Successfully parsed date column: updated_on
2025-09-26 11:48:53,273 - INFO - Combined dates: 50000 valid dates, 49304 valid times
2025-09-26 11:48:53,286 - INFO - Removed original date column: date
2025-09-26 11:48:53,299 - INFO - Removed original date column: updated_on
2025-09-26 11:48:53,300 - INFO - Using cached coordinate info from metadata: crime_data/Downloaded_Datasets/cityofchicago/Crimes_-_2019_metadata.json
2025-09-26 11:48:53,300 - INFO - Coordinate detection: type=separate_columns, lat_col=latitude, lon_col=longitude, loc_col=location_description
2025-09-26 11:48:53,301 - INFO - Extracted coordinates from separate columns: latitude, longitude
2025-09-26 11:48:53,356 - INFO - Extracted 49393 records with valid coordinates from dataset
2025-09-26 11:48:53,374 - INFO - Successfully processed dataset: Crimes - 2019 with 49393 records
2025-09-26 11:48:54,379 - INFO - Processing dataset 18/18: Crimes - 2013
2025-09-26 11:48:54,380 - INFO - Downloading dataset: Crimes - 2013 from data.cityofchicago.org
2025-09-26 11:49:03,686 - INFO - Successfully downloaded and saved 50000 records from Crimes - 2013
2025-09-26 11:49:03,686 - INFO - Saved to: crime_data/Downloaded_Datasets/Cityofchicago/Crimes_-_2013.csv
2025-09-26 11:49:03,702 - INFO - Found date columns to combine: ['date', 'updated_on']
2025-09-26 11:49:03,715 - INFO - Successfully parsed date column: date
2025-09-26 11:49:03,722 - INFO - Successfully parsed date column: updated_on
2025-09-26 11:49:06,323 - INFO - Combined dates: 50000 valid dates, 49307 valid times
2025-09-26 11:49:06,338 - INFO - Removed original date column: date
2025-09-26 11:49:06,351 - INFO - Removed original date column: updated_on
2025-09-26 11:49:06,352 - INFO - Using cached coordinate info from metadata: crime_data/Downloaded_Datasets/cityofchicago/Crimes_-_2013_metadata.json
2025-09-26 11:49:06,352 - INFO - Coordinate detection: type=separate_columns, lat_col=latitude, lon_col=longitude, loc_col=location_description
2025-09-26 11:49:06,353 - INFO - Extracted coordinates from separate columns: latitude, longitude
2025-09-26 11:49:06,404 - INFO - Extracted 49817 records with valid coordinates from dataset
2025-09-26 11:49:06,421 - INFO - Successfully processed dataset: Crimes - 2013 with 49817 records
2025-09-26 11:49:07,424 - INFO - Successfully processed 13 datasets with coordinate data
2025-09-26 11:49:16,226 - INFO - Combined dataset with 592440 records saved to crime_data/Combined_Datasets/combined_crime_data_20250926_114908.csv
2025-09-26 11:49:16,316 - INFO - 
Summary of combined dataset:
2025-09-26 11:49:16,316 - INFO - Total records: 592440
2025-09-26 11:49:16,332 - INFO - Cities represented: 1
2025-09-26 11:49:16,332 - INFO - Columns: source_city, dataset_name, source_url, latitude, longitude, combined_date, combined_time, :@computed_region_43wa_7qmu, :@computed_region_6mkv_f3dw, :@computed_region_8hcu_yrd4, :@computed_region_awaf_s7ux, :@computed_region_bdys_3d7i, :@computed_region_d3ds_rm58, :@computed_region_d9mm_jgwp, :@computed_region_rpca_8um6, :@computed_region_vrxf_vc4k, _iucr, _location_description, _primary_decsription, _secondary_description, address, alignment, area, arrest, beat, beat_of_occurrence, block, case_, case_number, city, community_area, crash_day_of_week, crash_hour, crash_month, crash_record_id, crash_type, damage, day_of_week, description, device_condition, district, district_name, domestic, dooring_i, fax, fbi_cd, fbi_code, first_crash_type, hit_and_run_i, hour, id, illinois_house_district, illinois_senate_district, incident_type_description, injuries_fatal, injuries_incapacitating, injuries_no_indication, injuries_non_incapacitating, injuries_reported_not_evident, injuries_total, injuries_unknown, intersection_related_i, iucr, lane_cnt, lighting_condition, location, location_description, month, most_severe_injury, num_units, phone, photos_taken_i, posted_speed_limit, prim_contributory_cause, primary_type, private_property_i, report_type, road_defect, roadway_surface_cond, rounds, sec_contributory_cause, state, statements_taken_i, street_direction, street_name, street_no, street_outreach_organization, traffic_control_device, trafficway_type, tty, unique_id, ward, weather_condition, website, work_zone_i, work_zone_type, workers_present_i, x_coordinate, y_coordinate, year, zip, zip_code
2025-09-26 11:49:16,332 - INFO - 
Sample data:
2025-09-26 11:49:16,332 - INFO -      source_city              dataset_name                                  source_url  ...  year  zip zip_code
0  cityofchicago  Crimes - 2001 to Present  https://data.cityofchicago.org/d/ijzp-q8t2  ...  2025  NaN      NaN
1  cityofchicago  Crimes - 2001 to Present  https://data.cityofchicago.org/d/ijzp-q8t2  ...  2025  NaN      NaN
2  cityofchicago  Crimes - 2001 to Present  https://data.cityofchicago.org/d/ijzp-q8t2  ...  2025  NaN      NaN
3  cityofchicago  Crimes - 2001 to Present  https://data.cityofchicago.org/d/ijzp-q8t2  ...  2025  NaN      NaN
4  cityofchicago  Crimes - 2001 to Present  https://data.cityofchicago.org/d/ijzp-q8t2  ...  2025  NaN      NaN

[5 rows x 102 columns]
2025-09-26 11:49:16,375 - INFO - 
Column order: ['source_city', 'dataset_name', 'source_url', 'latitude', 'longitude', 'combined_date', 'combined_time', ':@computed_region_43wa_7qmu', ':@computed_region_6mkv_f3dw', ':@computed_region_8hcu_yrd4']
